<?xml version="1.0" encoding="UTF-8"?>
<!-- Generated by org.testng.reporters.JUnitXMLReporter -->
<testsuite ignored="0" hostname="User-225" failures="36" tests="47" name="FibreZ Smoke Testing" time="439.079" errors="0" timestamp="2024-11-06T19:50:09 IST">
  <testcase classname="TestCases.TC001_LaunchApplication" name="checkUrlTest" time="2.294"/>
  <testcase classname="TestCases.TC002_BookNowRequest" name="bookNowFeatureTest" time="8.725"/>
  <testcase classname="TestCases.TC003_AdminLogin" name="adminLoginTest" time="6.197"/>
  <testcase classname="TestCases.TC004_AdminLoginDashboard" name="adminLoginDashboardTest" time="6.483"/>
  <testcase classname="TestCases.TC005_AdminAddPartner" name="createNewAdminPartnerTest" time="6.762"/>
  <testcase classname="TestCases.TC006_AdminPartnersPage" name="check_Manjula_MSO_Test" time="8.793"/>
  <testcase classname="TestCases.TC007_EditRole" name="editRoleChangeTest" time="33.646">
    <failure type="org.openqa.selenium.NoSuchElementException" message="no such element: Unable to locate element: {&amp;quot;method&amp;quot;:&amp;quot;xpath&amp;quot;,&amp;quot;selector&amp;quot;:&amp;quot;//p[@class=&amp;apos;text-xl&amp;apos; and text()=&amp;apos;Success&amp;apos;]&amp;quot;}
  (Session info: chrome=130.0.6723.93)
For documentation on this error, please visit: https://www.selenium.dev/documentation/webdriver/troubleshooting/errors#no-such-element-exception
Build info: version: &amp;apos;4.24.0&amp;apos;, revision: &amp;apos;748ffc9bc3&amp;apos;
System info: os.name: &amp;apos;Windows 10&amp;apos;, os.arch: &amp;apos;amd64&amp;apos;, os.version: &amp;apos;10.0&amp;apos;, java.version: &amp;apos;21.0.4&amp;apos;
Driver info: org.openqa.selenium.chrome.ChromeDriver
Command: [7f82d221958cca6f3ab9d999482779d3, findElement {using=xpath, value=//p[@class=&amp;apos;text-xl&amp;apos; and text()=&amp;apos;Success&amp;apos;]}]
Capabilities {acceptInsecureCerts: false, browserName: chrome, browserVersion: 130.0.6723.93, chrome: {chromedriverVersion: 130.0.6723.69 (3ec172b971b9..., userDataDir: C:\Users\PRAYOG~1.MUD\AppDa...}, fedcm:accounts: true, goog:chromeOptions: {debuggerAddress: localhost:49458}, networkConnectionEnabled: false, pageLoadStrategy: normal, platformName: windows, proxy: Proxy(), se:cdp: ws://localhost:49458/devtoo..., se:cdpVersion: 130.0.6723.93, setWindowRect: true, strictFileInteractability: false, timeouts: {implicit: 0, pageLoad: 300000, script: 30000}, unhandledPromptBehavior: dismiss and notify, webauthn:extension:credBlob: true, webauthn:extension:largeBlob: true, webauthn:extension:minPinLength: true, webauthn:extension:prf: true, webauthn:virtualAuthenticators: true}
Session ID: 7f82d221958cca6f3ab9d999482779d3">
      <![CDATA[org.openqa.selenium.NoSuchElementException: no such element: Unable to locate element: {"method":"xpath","selector":"//p[@class='text-xl' and text()='Success']"}
  (Session info: chrome=130.0.6723.93)
For documentation on this error, please visit: https://www.selenium.dev/documentation/webdriver/troubleshooting/errors#no-such-element-exception
Build info: version: '4.24.0', revision: '748ffc9bc3'
System info: os.name: 'Windows 10', os.arch: 'amd64', os.version: '10.0', java.version: '21.0.4'
Driver info: org.openqa.selenium.chrome.ChromeDriver
Command: [7f82d221958cca6f3ab9d999482779d3, findElement {using=xpath, value=//p[@class='text-xl' and text()='Success']}]
Capabilities {acceptInsecureCerts: false, browserName: chrome, browserVersion: 130.0.6723.93, chrome: {chromedriverVersion: 130.0.6723.69 (3ec172b971b9..., userDataDir: C:\Users\PRAYOG~1.MUD\AppDa...}, fedcm:accounts: true, goog:chromeOptions: {debuggerAddress: localhost:49458}, networkConnectionEnabled: false, pageLoadStrategy: normal, platformName: windows, proxy: Proxy(), se:cdp: ws://localhost:49458/devtoo..., se:cdpVersion: 130.0.6723.93, setWindowRect: true, strictFileInteractability: false, timeouts: {implicit: 0, pageLoad: 300000, script: 30000}, unhandledPromptBehavior: dismiss and notify, webauthn:extension:credBlob: true, webauthn:extension:largeBlob: true, webauthn:extension:minPinLength: true, webauthn:extension:prf: true, webauthn:virtualAuthenticators: true}
Session ID: 7f82d221958cca6f3ab9d999482779d3
at org.openqa.selenium.remote.ErrorCodec.decode(ErrorCodec.java:167)
at org.openqa.selenium.remote.codec.w3c.W3CHttpResponseCodec.decode(W3CHttpResponseCodec.java:138)
at org.openqa.selenium.remote.codec.w3c.W3CHttpResponseCodec.decode(W3CHttpResponseCodec.java:50)
at org.openqa.selenium.remote.HttpCommandExecutor.execute(HttpCommandExecutor.java:190)
at org.openqa.selenium.remote.service.DriverCommandExecutor.invokeExecute(DriverCommandExecutor.java:216)
at org.openqa.selenium.remote.service.DriverCommandExecutor.execute(DriverCommandExecutor.java:174)
at org.openqa.selenium.remote.RemoteWebDriver.execute(RemoteWebDriver.java:545)
at org.openqa.selenium.remote.ElementLocation$ElementFinder$2.findElement(ElementLocation.java:165)
at org.openqa.selenium.remote.ElementLocation.findElement(ElementLocation.java:59)
at org.openqa.selenium.remote.RemoteWebDriver.findElement(RemoteWebDriver.java:368)
at org.openqa.selenium.remote.RemoteWebDriver.findElement(RemoteWebDriver.java:362)
at TestCases.TC007_EditRole.editRoleChangeTest(TC007_EditRole.java:117)
at java.base/java.util.ArrayList.forEach(ArrayList.java:1596)
... Removed 28 stack frames]]>
    </failure>
  </testcase> <!-- editRoleChangeTest -->
  <testcase classname="TestCases.TC008_EditRoleRollBack" name="editRoleChangeRollBackTest" time="32.055">
    <failure type="org.openqa.selenium.NoSuchElementException" message="no such element: Unable to locate element: {&amp;quot;method&amp;quot;:&amp;quot;xpath&amp;quot;,&amp;quot;selector&amp;quot;:&amp;quot;//p[@class=&amp;apos;text-xl&amp;apos; and text()=&amp;apos;Success&amp;apos;]&amp;quot;}
  (Session info: chrome=130.0.6723.93)
For documentation on this error, please visit: https://www.selenium.dev/documentation/webdriver/troubleshooting/errors#no-such-element-exception
Build info: version: &amp;apos;4.24.0&amp;apos;, revision: &amp;apos;748ffc9bc3&amp;apos;
System info: os.name: &amp;apos;Windows 10&amp;apos;, os.arch: &amp;apos;amd64&amp;apos;, os.version: &amp;apos;10.0&amp;apos;, java.version: &amp;apos;21.0.4&amp;apos;
Driver info: org.openqa.selenium.chrome.ChromeDriver
Command: [446610c1009eec5e3f6d30941d3e46f4, findElement {using=xpath, value=//p[@class=&amp;apos;text-xl&amp;apos; and text()=&amp;apos;Success&amp;apos;]}]
Capabilities {acceptInsecureCerts: false, browserName: chrome, browserVersion: 130.0.6723.93, chrome: {chromedriverVersion: 130.0.6723.69 (3ec172b971b9..., userDataDir: C:\Users\PRAYOG~1.MUD\AppDa...}, fedcm:accounts: true, goog:chromeOptions: {debuggerAddress: localhost:49517}, networkConnectionEnabled: false, pageLoadStrategy: normal, platformName: windows, proxy: Proxy(), se:cdp: ws://localhost:49517/devtoo..., se:cdpVersion: 130.0.6723.93, setWindowRect: true, strictFileInteractability: false, timeouts: {implicit: 0, pageLoad: 300000, script: 30000}, unhandledPromptBehavior: dismiss and notify, webauthn:extension:credBlob: true, webauthn:extension:largeBlob: true, webauthn:extension:minPinLength: true, webauthn:extension:prf: true, webauthn:virtualAuthenticators: true}
Session ID: 446610c1009eec5e3f6d30941d3e46f4">
      <![CDATA[org.openqa.selenium.NoSuchElementException: no such element: Unable to locate element: {"method":"xpath","selector":"//p[@class='text-xl' and text()='Success']"}
  (Session info: chrome=130.0.6723.93)
For documentation on this error, please visit: https://www.selenium.dev/documentation/webdriver/troubleshooting/errors#no-such-element-exception
Build info: version: '4.24.0', revision: '748ffc9bc3'
System info: os.name: 'Windows 10', os.arch: 'amd64', os.version: '10.0', java.version: '21.0.4'
Driver info: org.openqa.selenium.chrome.ChromeDriver
Command: [446610c1009eec5e3f6d30941d3e46f4, findElement {using=xpath, value=//p[@class='text-xl' and text()='Success']}]
Capabilities {acceptInsecureCerts: false, browserName: chrome, browserVersion: 130.0.6723.93, chrome: {chromedriverVersion: 130.0.6723.69 (3ec172b971b9..., userDataDir: C:\Users\PRAYOG~1.MUD\AppDa...}, fedcm:accounts: true, goog:chromeOptions: {debuggerAddress: localhost:49517}, networkConnectionEnabled: false, pageLoadStrategy: normal, platformName: windows, proxy: Proxy(), se:cdp: ws://localhost:49517/devtoo..., se:cdpVersion: 130.0.6723.93, setWindowRect: true, strictFileInteractability: false, timeouts: {implicit: 0, pageLoad: 300000, script: 30000}, unhandledPromptBehavior: dismiss and notify, webauthn:extension:credBlob: true, webauthn:extension:largeBlob: true, webauthn:extension:minPinLength: true, webauthn:extension:prf: true, webauthn:virtualAuthenticators: true}
Session ID: 446610c1009eec5e3f6d30941d3e46f4
at org.openqa.selenium.remote.ErrorCodec.decode(ErrorCodec.java:167)
at org.openqa.selenium.remote.codec.w3c.W3CHttpResponseCodec.decode(W3CHttpResponseCodec.java:138)
at org.openqa.selenium.remote.codec.w3c.W3CHttpResponseCodec.decode(W3CHttpResponseCodec.java:50)
at org.openqa.selenium.remote.HttpCommandExecutor.execute(HttpCommandExecutor.java:190)
at org.openqa.selenium.remote.service.DriverCommandExecutor.invokeExecute(DriverCommandExecutor.java:216)
at org.openqa.selenium.remote.service.DriverCommandExecutor.execute(DriverCommandExecutor.java:174)
at org.openqa.selenium.remote.RemoteWebDriver.execute(RemoteWebDriver.java:545)
at org.openqa.selenium.remote.ElementLocation$ElementFinder$2.findElement(ElementLocation.java:165)
at org.openqa.selenium.remote.ElementLocation.findElement(ElementLocation.java:59)
at org.openqa.selenium.remote.RemoteWebDriver.findElement(RemoteWebDriver.java:368)
at org.openqa.selenium.remote.RemoteWebDriver.findElement(RemoteWebDriver.java:362)
at TestCases.TC008_EditRoleRollBack.editRoleChangeRollBackTest(TC008_EditRoleRollBack.java:108)
at java.base/java.util.ArrayList.forEach(ArrayList.java:1596)
... Removed 28 stack frames]]>
    </failure>
  </testcase> <!-- editRoleChangeRollBackTest -->
  <testcase classname="TestCases.TC009_RolesPageMsoRole" name="rolesPageMsoRoleTest" time="8.545"/>
  <testcase classname="TestCases.TC010_CreateRole" name="createRoleButtonTest" time="8.356"/>
  <testcase classname="TestCases.TC011_AdminLogout" name="adminLogoutTest" time="5.455"/>
  <testcase classname="TestCases.TC012_MsoLogin" name="msoLoginTest" time="6.212"/>
  <testcase classname="TestCases.TC013_MsoDashboard" name="msoLoginDashboardTest" time="6.575"/>
  <testcase classname="TestCases.TC014_MsoRevenuePage" name="msoRevenuePageTest" time="35.9">
    <failure type="java.lang.AssertionError" message="LCO Share value for JBLH_LCO was not found. expected [true] but found [false]">
      <![CDATA[java.lang.AssertionError: LCO Share value for JBLH_LCO was not found. expected [true] but found [false]
at TestCases.TC014_MsoRevenuePage.msoRevenuePageTest(TC014_MsoRevenuePage.java:150)
at java.base/java.util.ArrayList.forEach(ArrayList.java:1596)
... Removed 28 stack frames]]>
    </failure>
  </testcase> <!-- msoRevenuePageTest -->
  <testcase classname="TestCases.TC015_MsoPricingPage" name="msoPricingPageTest" time="1.639">
    <failure type="org.openqa.selenium.ElementClickInterceptedException" message="element click intercepted: Element &amp;lt;p class=&amp;quot;hidden text-base text-[#666666] mr-[5px] md:inline&amp;quot;&amp;gt;...&amp;lt;/p&amp;gt; is not clickable at point (1413, 61). Other element would receive the click: &amp;lt;body class=&amp;quot;loading-indicator&amp;quot;&amp;gt;...&amp;lt;/body&amp;gt;
  (Session info: chrome=130.0.6723.93)
Build info: version: &amp;apos;4.24.0&amp;apos;, revision: &amp;apos;748ffc9bc3&amp;apos;
System info: os.name: &amp;apos;Windows 10&amp;apos;, os.arch: &amp;apos;amd64&amp;apos;, os.version: &amp;apos;10.0&amp;apos;, java.version: &amp;apos;21.0.4&amp;apos;
Driver info: org.openqa.selenium.chrome.ChromeDriver
Command: [819cdb953a7b94397e2071f64cb4ae02, clickElement {id=f.B220D62A139F20BE3667659D01128AAA.d.EE743B4E0A4794B3E7A40B6CDF472883.e.37}]
Capabilities {acceptInsecureCerts: false, browserName: chrome, browserVersion: 130.0.6723.93, chrome: {chromedriverVersion: 130.0.6723.69 (3ec172b971b9..., userDataDir: C:\Users\PRAYOG~1.MUD\AppDa...}, fedcm:accounts: true, goog:chromeOptions: {debuggerAddress: localhost:49886}, networkConnectionEnabled: false, pageLoadStrategy: normal, platformName: windows, proxy: Proxy(), se:cdp: ws://localhost:49886/devtoo..., se:cdpVersion: 130.0.6723.93, setWindowRect: true, strictFileInteractability: false, timeouts: {implicit: 0, pageLoad: 300000, script: 30000}, unhandledPromptBehavior: dismiss and notify, webauthn:extension:credBlob: true, webauthn:extension:largeBlob: true, webauthn:extension:minPinLength: true, webauthn:extension:prf: true, webauthn:virtualAuthenticators: true}
Element: [[ChromeDriver: chrome on windows (819cdb953a7b94397e2071f64cb4ae02)] -&amp;gt; xpath: (//p[@class=&amp;apos;hidden text-base text-[#666666] mr-[5px] md:inline&amp;apos;])[1]]
Session ID: 819cdb953a7b94397e2071f64cb4ae02">
      <![CDATA[org.openqa.selenium.ElementClickInterceptedException: element click intercepted: Element <p class="hidden text-base text-[#666666] mr-[5px] md:inline">...</p> is not clickable at point (1413, 61). Other element would receive the click: <body class="loading-indicator">...</body>
  (Session info: chrome=130.0.6723.93)
Build info: version: '4.24.0', revision: '748ffc9bc3'
System info: os.name: 'Windows 10', os.arch: 'amd64', os.version: '10.0', java.version: '21.0.4'
Driver info: org.openqa.selenium.chrome.ChromeDriver
Command: [819cdb953a7b94397e2071f64cb4ae02, clickElement {id=f.B220D62A139F20BE3667659D01128AAA.d.EE743B4E0A4794B3E7A40B6CDF472883.e.37}]
Capabilities {acceptInsecureCerts: false, browserName: chrome, browserVersion: 130.0.6723.93, chrome: {chromedriverVersion: 130.0.6723.69 (3ec172b971b9..., userDataDir: C:\Users\PRAYOG~1.MUD\AppDa...}, fedcm:accounts: true, goog:chromeOptions: {debuggerAddress: localhost:49886}, networkConnectionEnabled: false, pageLoadStrategy: normal, platformName: windows, proxy: Proxy(), se:cdp: ws://localhost:49886/devtoo..., se:cdpVersion: 130.0.6723.93, setWindowRect: true, strictFileInteractability: false, timeouts: {implicit: 0, pageLoad: 300000, script: 30000}, unhandledPromptBehavior: dismiss and notify, webauthn:extension:credBlob: true, webauthn:extension:largeBlob: true, webauthn:extension:minPinLength: true, webauthn:extension:prf: true, webauthn:virtualAuthenticators: true}
Element: [[ChromeDriver: chrome on windows (819cdb953a7b94397e2071f64cb4ae02)] -> xpath: (//p[@class='hidden text-base text-[#666666] mr-[5px] md:inline'])[1]]
Session ID: 819cdb953a7b94397e2071f64cb4ae02
at org.openqa.selenium.remote.ErrorCodec.decode(ErrorCodec.java:167)
at org.openqa.selenium.remote.codec.w3c.W3CHttpResponseCodec.decode(W3CHttpResponseCodec.java:138)
at org.openqa.selenium.remote.codec.w3c.W3CHttpResponseCodec.decode(W3CHttpResponseCodec.java:50)
at org.openqa.selenium.remote.HttpCommandExecutor.execute(HttpCommandExecutor.java:190)
at org.openqa.selenium.remote.service.DriverCommandExecutor.invokeExecute(DriverCommandExecutor.java:216)
at org.openqa.selenium.remote.service.DriverCommandExecutor.execute(DriverCommandExecutor.java:174)
at org.openqa.selenium.remote.RemoteWebDriver.execute(RemoteWebDriver.java:545)
at org.openqa.selenium.remote.RemoteWebElement.execute(RemoteWebElement.java:223)
at org.openqa.selenium.remote.RemoteWebElement.click(RemoteWebElement.java:76)
at Utilities.AppUtils.msoLogin(AppUtils.java:43)
at TestCases.TC015_MsoPricingPage.msoPricingPageTest(TC015_MsoPricingPage.java:38)
at java.base/java.util.ArrayList.forEach(ArrayList.java:1596)
... Removed 28 stack frames]]>
    </failure>
  </testcase> <!-- msoPricingPageTest -->
  <testcase classname="TestCases.TC016_MsoCreatePricing" name="msoPricingPageTest" time="1.742">
    <failure type="org.openqa.selenium.ElementClickInterceptedException" message="element click intercepted: Element &amp;lt;p class=&amp;quot;hidden text-base text-[#666666] mr-[5px] md:inline&amp;quot;&amp;gt;...&amp;lt;/p&amp;gt; is not clickable at point (1413, 61). Other element would receive the click: &amp;lt;body class=&amp;quot;loading-indicator&amp;quot;&amp;gt;...&amp;lt;/body&amp;gt;
  (Session info: chrome=130.0.6723.93)
Build info: version: &amp;apos;4.24.0&amp;apos;, revision: &amp;apos;748ffc9bc3&amp;apos;
System info: os.name: &amp;apos;Windows 10&amp;apos;, os.arch: &amp;apos;amd64&amp;apos;, os.version: &amp;apos;10.0&amp;apos;, java.version: &amp;apos;21.0.4&amp;apos;
Driver info: org.openqa.selenium.chrome.ChromeDriver
Command: [401822659e8e3d13288d2ca6d34ba437, clickElement {id=f.5F059B59295864DC730790356EA25A7E.d.7EF27EEFFD1F5994881DF2BB39A469D9.e.37}]
Capabilities {acceptInsecureCerts: false, browserName: chrome, browserVersion: 130.0.6723.93, chrome: {chromedriverVersion: 130.0.6723.69 (3ec172b971b9..., userDataDir: C:\Users\PRAYOG~1.MUD\AppDa...}, fedcm:accounts: true, goog:chromeOptions: {debuggerAddress: localhost:49913}, networkConnectionEnabled: false, pageLoadStrategy: normal, platformName: windows, proxy: Proxy(), se:cdp: ws://localhost:49913/devtoo..., se:cdpVersion: 130.0.6723.93, setWindowRect: true, strictFileInteractability: false, timeouts: {implicit: 0, pageLoad: 300000, script: 30000}, unhandledPromptBehavior: dismiss and notify, webauthn:extension:credBlob: true, webauthn:extension:largeBlob: true, webauthn:extension:minPinLength: true, webauthn:extension:prf: true, webauthn:virtualAuthenticators: true}
Element: [[ChromeDriver: chrome on windows (401822659e8e3d13288d2ca6d34ba437)] -&amp;gt; xpath: (//p[@class=&amp;apos;hidden text-base text-[#666666] mr-[5px] md:inline&amp;apos;])[1]]
Session ID: 401822659e8e3d13288d2ca6d34ba437">
      <![CDATA[org.openqa.selenium.ElementClickInterceptedException: element click intercepted: Element <p class="hidden text-base text-[#666666] mr-[5px] md:inline">...</p> is not clickable at point (1413, 61). Other element would receive the click: <body class="loading-indicator">...</body>
  (Session info: chrome=130.0.6723.93)
Build info: version: '4.24.0', revision: '748ffc9bc3'
System info: os.name: 'Windows 10', os.arch: 'amd64', os.version: '10.0', java.version: '21.0.4'
Driver info: org.openqa.selenium.chrome.ChromeDriver
Command: [401822659e8e3d13288d2ca6d34ba437, clickElement {id=f.5F059B59295864DC730790356EA25A7E.d.7EF27EEFFD1F5994881DF2BB39A469D9.e.37}]
Capabilities {acceptInsecureCerts: false, browserName: chrome, browserVersion: 130.0.6723.93, chrome: {chromedriverVersion: 130.0.6723.69 (3ec172b971b9..., userDataDir: C:\Users\PRAYOG~1.MUD\AppDa...}, fedcm:accounts: true, goog:chromeOptions: {debuggerAddress: localhost:49913}, networkConnectionEnabled: false, pageLoadStrategy: normal, platformName: windows, proxy: Proxy(), se:cdp: ws://localhost:49913/devtoo..., se:cdpVersion: 130.0.6723.93, setWindowRect: true, strictFileInteractability: false, timeouts: {implicit: 0, pageLoad: 300000, script: 30000}, unhandledPromptBehavior: dismiss and notify, webauthn:extension:credBlob: true, webauthn:extension:largeBlob: true, webauthn:extension:minPinLength: true, webauthn:extension:prf: true, webauthn:virtualAuthenticators: true}
Element: [[ChromeDriver: chrome on windows (401822659e8e3d13288d2ca6d34ba437)] -> xpath: (//p[@class='hidden text-base text-[#666666] mr-[5px] md:inline'])[1]]
Session ID: 401822659e8e3d13288d2ca6d34ba437
at org.openqa.selenium.remote.ErrorCodec.decode(ErrorCodec.java:167)
at org.openqa.selenium.remote.codec.w3c.W3CHttpResponseCodec.decode(W3CHttpResponseCodec.java:138)
at org.openqa.selenium.remote.codec.w3c.W3CHttpResponseCodec.decode(W3CHttpResponseCodec.java:50)
at org.openqa.selenium.remote.HttpCommandExecutor.execute(HttpCommandExecutor.java:190)
at org.openqa.selenium.remote.service.DriverCommandExecutor.invokeExecute(DriverCommandExecutor.java:216)
at org.openqa.selenium.remote.service.DriverCommandExecutor.execute(DriverCommandExecutor.java:174)
at org.openqa.selenium.remote.RemoteWebDriver.execute(RemoteWebDriver.java:545)
at org.openqa.selenium.remote.RemoteWebElement.execute(RemoteWebElement.java:223)
at org.openqa.selenium.remote.RemoteWebElement.click(RemoteWebElement.java:76)
at Utilities.AppUtils.msoLogin(AppUtils.java:43)
at TestCases.TC016_MsoCreatePricing.msoPricingPageTest(TC016_MsoCreatePricing.java:30)
at java.base/java.util.ArrayList.forEach(ArrayList.java:1596)
... Removed 28 stack frames]]>
    </failure>
  </testcase> <!-- msoPricingPageTest -->
  <testcase classname="TestCases.TC017_MsoServicesPage" name="msoServicesPageTest" time="1.752">
    <failure type="org.openqa.selenium.ElementClickInterceptedException" message="element click intercepted: Element &amp;lt;p class=&amp;quot;hidden text-base text-[#666666] mr-[5px] md:inline&amp;quot;&amp;gt;...&amp;lt;/p&amp;gt; is not clickable at point (1413, 61). Other element would receive the click: &amp;lt;body class=&amp;quot;loading-indicator&amp;quot;&amp;gt;...&amp;lt;/body&amp;gt;
  (Session info: chrome=130.0.6723.93)
Build info: version: &amp;apos;4.24.0&amp;apos;, revision: &amp;apos;748ffc9bc3&amp;apos;
System info: os.name: &amp;apos;Windows 10&amp;apos;, os.arch: &amp;apos;amd64&amp;apos;, os.version: &amp;apos;10.0&amp;apos;, java.version: &amp;apos;21.0.4&amp;apos;
Driver info: org.openqa.selenium.chrome.ChromeDriver
Command: [94d30c8c8c84c4e4c7b3660083f784d5, clickElement {id=f.D5705122094B824F2307C9E90DC547C9.d.8A95FC622365914FEB8E384376A1B0FF.e.28}]
Capabilities {acceptInsecureCerts: false, browserName: chrome, browserVersion: 130.0.6723.93, chrome: {chromedriverVersion: 130.0.6723.69 (3ec172b971b9..., userDataDir: C:\Users\PRAYOG~1.MUD\AppDa...}, fedcm:accounts: true, goog:chromeOptions: {debuggerAddress: localhost:49944}, networkConnectionEnabled: false, pageLoadStrategy: normal, platformName: windows, proxy: Proxy(), se:cdp: ws://localhost:49944/devtoo..., se:cdpVersion: 130.0.6723.93, setWindowRect: true, strictFileInteractability: false, timeouts: {implicit: 0, pageLoad: 300000, script: 30000}, unhandledPromptBehavior: dismiss and notify, webauthn:extension:credBlob: true, webauthn:extension:largeBlob: true, webauthn:extension:minPinLength: true, webauthn:extension:prf: true, webauthn:virtualAuthenticators: true}
Element: [[ChromeDriver: chrome on windows (94d30c8c8c84c4e4c7b3660083f784d5)] -&amp;gt; xpath: (//p[@class=&amp;apos;hidden text-base text-[#666666] mr-[5px] md:inline&amp;apos;])[1]]
Session ID: 94d30c8c8c84c4e4c7b3660083f784d5">
      <![CDATA[org.openqa.selenium.ElementClickInterceptedException: element click intercepted: Element <p class="hidden text-base text-[#666666] mr-[5px] md:inline">...</p> is not clickable at point (1413, 61). Other element would receive the click: <body class="loading-indicator">...</body>
  (Session info: chrome=130.0.6723.93)
Build info: version: '4.24.0', revision: '748ffc9bc3'
System info: os.name: 'Windows 10', os.arch: 'amd64', os.version: '10.0', java.version: '21.0.4'
Driver info: org.openqa.selenium.chrome.ChromeDriver
Command: [94d30c8c8c84c4e4c7b3660083f784d5, clickElement {id=f.D5705122094B824F2307C9E90DC547C9.d.8A95FC622365914FEB8E384376A1B0FF.e.28}]
Capabilities {acceptInsecureCerts: false, browserName: chrome, browserVersion: 130.0.6723.93, chrome: {chromedriverVersion: 130.0.6723.69 (3ec172b971b9..., userDataDir: C:\Users\PRAYOG~1.MUD\AppDa...}, fedcm:accounts: true, goog:chromeOptions: {debuggerAddress: localhost:49944}, networkConnectionEnabled: false, pageLoadStrategy: normal, platformName: windows, proxy: Proxy(), se:cdp: ws://localhost:49944/devtoo..., se:cdpVersion: 130.0.6723.93, setWindowRect: true, strictFileInteractability: false, timeouts: {implicit: 0, pageLoad: 300000, script: 30000}, unhandledPromptBehavior: dismiss and notify, webauthn:extension:credBlob: true, webauthn:extension:largeBlob: true, webauthn:extension:minPinLength: true, webauthn:extension:prf: true, webauthn:virtualAuthenticators: true}
Element: [[ChromeDriver: chrome on windows (94d30c8c8c84c4e4c7b3660083f784d5)] -> xpath: (//p[@class='hidden text-base text-[#666666] mr-[5px] md:inline'])[1]]
Session ID: 94d30c8c8c84c4e4c7b3660083f784d5
at org.openqa.selenium.remote.ErrorCodec.decode(ErrorCodec.java:167)
at org.openqa.selenium.remote.codec.w3c.W3CHttpResponseCodec.decode(W3CHttpResponseCodec.java:138)
at org.openqa.selenium.remote.codec.w3c.W3CHttpResponseCodec.decode(W3CHttpResponseCodec.java:50)
at org.openqa.selenium.remote.HttpCommandExecutor.execute(HttpCommandExecutor.java:190)
at org.openqa.selenium.remote.service.DriverCommandExecutor.invokeExecute(DriverCommandExecutor.java:216)
at org.openqa.selenium.remote.service.DriverCommandExecutor.execute(DriverCommandExecutor.java:174)
at org.openqa.selenium.remote.RemoteWebDriver.execute(RemoteWebDriver.java:545)
at org.openqa.selenium.remote.RemoteWebElement.execute(RemoteWebElement.java:223)
at org.openqa.selenium.remote.RemoteWebElement.click(RemoteWebElement.java:76)
at Utilities.AppUtils.msoLogin(AppUtils.java:43)
at TestCases.TC017_MsoServicesPage.msoServicesPageTest(TC017_MsoServicesPage.java:33)
at java.base/java.util.ArrayList.forEach(ArrayList.java:1596)
... Removed 28 stack frames]]>
    </failure>
  </testcase> <!-- msoServicesPageTest -->
  <testcase classname="TestCases.TC018_MsoCreateService" name="msoServicePageTest" time="1.653">
    <failure type="org.openqa.selenium.ElementClickInterceptedException" message="element click intercepted: Element &amp;lt;p class=&amp;quot;hidden text-base text-[#666666] mr-[5px] md:inline&amp;quot;&amp;gt;...&amp;lt;/p&amp;gt; is not clickable at point (1413, 61). Other element would receive the click: &amp;lt;body class=&amp;quot;loading-indicator&amp;quot;&amp;gt;...&amp;lt;/body&amp;gt;
  (Session info: chrome=130.0.6723.93)
Build info: version: &amp;apos;4.24.0&amp;apos;, revision: &amp;apos;748ffc9bc3&amp;apos;
System info: os.name: &amp;apos;Windows 10&amp;apos;, os.arch: &amp;apos;amd64&amp;apos;, os.version: &amp;apos;10.0&amp;apos;, java.version: &amp;apos;21.0.4&amp;apos;
Driver info: org.openqa.selenium.chrome.ChromeDriver
Command: [2fb77a48f231855e74a9eff3615d84d7, clickElement {id=f.180402A62DD35711D2D7963AAD2032DF.d.9B2372E56DC045A042D5EAB4CC0248DC.e.20}]
Capabilities {acceptInsecureCerts: false, browserName: chrome, browserVersion: 130.0.6723.93, chrome: {chromedriverVersion: 130.0.6723.69 (3ec172b971b9..., userDataDir: C:\Users\PRAYOG~1.MUD\AppDa...}, fedcm:accounts: true, goog:chromeOptions: {debuggerAddress: localhost:49977}, networkConnectionEnabled: false, pageLoadStrategy: normal, platformName: windows, proxy: Proxy(), se:cdp: ws://localhost:49977/devtoo..., se:cdpVersion: 130.0.6723.93, setWindowRect: true, strictFileInteractability: false, timeouts: {implicit: 0, pageLoad: 300000, script: 30000}, unhandledPromptBehavior: dismiss and notify, webauthn:extension:credBlob: true, webauthn:extension:largeBlob: true, webauthn:extension:minPinLength: true, webauthn:extension:prf: true, webauthn:virtualAuthenticators: true}
Element: [[ChromeDriver: chrome on windows (2fb77a48f231855e74a9eff3615d84d7)] -&amp;gt; xpath: (//p[@class=&amp;apos;hidden text-base text-[#666666] mr-[5px] md:inline&amp;apos;])[1]]
Session ID: 2fb77a48f231855e74a9eff3615d84d7">
      <![CDATA[org.openqa.selenium.ElementClickInterceptedException: element click intercepted: Element <p class="hidden text-base text-[#666666] mr-[5px] md:inline">...</p> is not clickable at point (1413, 61). Other element would receive the click: <body class="loading-indicator">...</body>
  (Session info: chrome=130.0.6723.93)
Build info: version: '4.24.0', revision: '748ffc9bc3'
System info: os.name: 'Windows 10', os.arch: 'amd64', os.version: '10.0', java.version: '21.0.4'
Driver info: org.openqa.selenium.chrome.ChromeDriver
Command: [2fb77a48f231855e74a9eff3615d84d7, clickElement {id=f.180402A62DD35711D2D7963AAD2032DF.d.9B2372E56DC045A042D5EAB4CC0248DC.e.20}]
Capabilities {acceptInsecureCerts: false, browserName: chrome, browserVersion: 130.0.6723.93, chrome: {chromedriverVersion: 130.0.6723.69 (3ec172b971b9..., userDataDir: C:\Users\PRAYOG~1.MUD\AppDa...}, fedcm:accounts: true, goog:chromeOptions: {debuggerAddress: localhost:49977}, networkConnectionEnabled: false, pageLoadStrategy: normal, platformName: windows, proxy: Proxy(), se:cdp: ws://localhost:49977/devtoo..., se:cdpVersion: 130.0.6723.93, setWindowRect: true, strictFileInteractability: false, timeouts: {implicit: 0, pageLoad: 300000, script: 30000}, unhandledPromptBehavior: dismiss and notify, webauthn:extension:credBlob: true, webauthn:extension:largeBlob: true, webauthn:extension:minPinLength: true, webauthn:extension:prf: true, webauthn:virtualAuthenticators: true}
Element: [[ChromeDriver: chrome on windows (2fb77a48f231855e74a9eff3615d84d7)] -> xpath: (//p[@class='hidden text-base text-[#666666] mr-[5px] md:inline'])[1]]
Session ID: 2fb77a48f231855e74a9eff3615d84d7
at org.openqa.selenium.remote.ErrorCodec.decode(ErrorCodec.java:167)
at org.openqa.selenium.remote.codec.w3c.W3CHttpResponseCodec.decode(W3CHttpResponseCodec.java:138)
at org.openqa.selenium.remote.codec.w3c.W3CHttpResponseCodec.decode(W3CHttpResponseCodec.java:50)
at org.openqa.selenium.remote.HttpCommandExecutor.execute(HttpCommandExecutor.java:190)
at org.openqa.selenium.remote.service.DriverCommandExecutor.invokeExecute(DriverCommandExecutor.java:216)
at org.openqa.selenium.remote.service.DriverCommandExecutor.execute(DriverCommandExecutor.java:174)
at org.openqa.selenium.remote.RemoteWebDriver.execute(RemoteWebDriver.java:545)
at org.openqa.selenium.remote.RemoteWebElement.execute(RemoteWebElement.java:223)
at org.openqa.selenium.remote.RemoteWebElement.click(RemoteWebElement.java:76)
at Utilities.AppUtils.msoLogin(AppUtils.java:43)
at TestCases.TC018_MsoCreateService.msoServicePageTest(TC018_MsoCreateService.java:30)
at java.base/java.util.ArrayList.forEach(ArrayList.java:1596)
... Removed 28 stack frames]]>
    </failure>
  </testcase> <!-- msoServicePageTest -->
  <testcase classname="TestCases.TC019_MsoStandardPlans" name="msoStandardPlansPageTest" time="1.674">
    <failure type="org.openqa.selenium.ElementClickInterceptedException" message="element click intercepted: Element &amp;lt;p class=&amp;quot;hidden text-base text-[#666666] mr-[5px] md:inline&amp;quot;&amp;gt;...&amp;lt;/p&amp;gt; is not clickable at point (1413, 61). Other element would receive the click: &amp;lt;body class=&amp;quot;loading-indicator&amp;quot;&amp;gt;...&amp;lt;/body&amp;gt;
  (Session info: chrome=130.0.6723.93)
Build info: version: &amp;apos;4.24.0&amp;apos;, revision: &amp;apos;748ffc9bc3&amp;apos;
System info: os.name: &amp;apos;Windows 10&amp;apos;, os.arch: &amp;apos;amd64&amp;apos;, os.version: &amp;apos;10.0&amp;apos;, java.version: &amp;apos;21.0.4&amp;apos;
Driver info: org.openqa.selenium.chrome.ChromeDriver
Command: [83355086532447363203ff001144bc7d, clickElement {id=f.EACA5EEF5FC5119E1DF41ACEFEE4B510.d.9BDF59E9F7666D99E849DAD332A4E9B0.e.23}]
Capabilities {acceptInsecureCerts: false, browserName: chrome, browserVersion: 130.0.6723.93, chrome: {chromedriverVersion: 130.0.6723.69 (3ec172b971b9..., userDataDir: C:\Users\PRAYOG~1.MUD\AppDa...}, fedcm:accounts: true, goog:chromeOptions: {debuggerAddress: localhost:50008}, networkConnectionEnabled: false, pageLoadStrategy: normal, platformName: windows, proxy: Proxy(), se:cdp: ws://localhost:50008/devtoo..., se:cdpVersion: 130.0.6723.93, setWindowRect: true, strictFileInteractability: false, timeouts: {implicit: 0, pageLoad: 300000, script: 30000}, unhandledPromptBehavior: dismiss and notify, webauthn:extension:credBlob: true, webauthn:extension:largeBlob: true, webauthn:extension:minPinLength: true, webauthn:extension:prf: true, webauthn:virtualAuthenticators: true}
Element: [[ChromeDriver: chrome on windows (83355086532447363203ff001144bc7d)] -&amp;gt; xpath: (//p[@class=&amp;apos;hidden text-base text-[#666666] mr-[5px] md:inline&amp;apos;])[1]]
Session ID: 83355086532447363203ff001144bc7d">
      <![CDATA[org.openqa.selenium.ElementClickInterceptedException: element click intercepted: Element <p class="hidden text-base text-[#666666] mr-[5px] md:inline">...</p> is not clickable at point (1413, 61). Other element would receive the click: <body class="loading-indicator">...</body>
  (Session info: chrome=130.0.6723.93)
Build info: version: '4.24.0', revision: '748ffc9bc3'
System info: os.name: 'Windows 10', os.arch: 'amd64', os.version: '10.0', java.version: '21.0.4'
Driver info: org.openqa.selenium.chrome.ChromeDriver
Command: [83355086532447363203ff001144bc7d, clickElement {id=f.EACA5EEF5FC5119E1DF41ACEFEE4B510.d.9BDF59E9F7666D99E849DAD332A4E9B0.e.23}]
Capabilities {acceptInsecureCerts: false, browserName: chrome, browserVersion: 130.0.6723.93, chrome: {chromedriverVersion: 130.0.6723.69 (3ec172b971b9..., userDataDir: C:\Users\PRAYOG~1.MUD\AppDa...}, fedcm:accounts: true, goog:chromeOptions: {debuggerAddress: localhost:50008}, networkConnectionEnabled: false, pageLoadStrategy: normal, platformName: windows, proxy: Proxy(), se:cdp: ws://localhost:50008/devtoo..., se:cdpVersion: 130.0.6723.93, setWindowRect: true, strictFileInteractability: false, timeouts: {implicit: 0, pageLoad: 300000, script: 30000}, unhandledPromptBehavior: dismiss and notify, webauthn:extension:credBlob: true, webauthn:extension:largeBlob: true, webauthn:extension:minPinLength: true, webauthn:extension:prf: true, webauthn:virtualAuthenticators: true}
Element: [[ChromeDriver: chrome on windows (83355086532447363203ff001144bc7d)] -> xpath: (//p[@class='hidden text-base text-[#666666] mr-[5px] md:inline'])[1]]
Session ID: 83355086532447363203ff001144bc7d
at org.openqa.selenium.remote.ErrorCodec.decode(ErrorCodec.java:167)
at org.openqa.selenium.remote.codec.w3c.W3CHttpResponseCodec.decode(W3CHttpResponseCodec.java:138)
at org.openqa.selenium.remote.codec.w3c.W3CHttpResponseCodec.decode(W3CHttpResponseCodec.java:50)
at org.openqa.selenium.remote.HttpCommandExecutor.execute(HttpCommandExecutor.java:190)
at org.openqa.selenium.remote.service.DriverCommandExecutor.invokeExecute(DriverCommandExecutor.java:216)
at org.openqa.selenium.remote.service.DriverCommandExecutor.execute(DriverCommandExecutor.java:174)
at org.openqa.selenium.remote.RemoteWebDriver.execute(RemoteWebDriver.java:545)
at org.openqa.selenium.remote.RemoteWebElement.execute(RemoteWebElement.java:223)
at org.openqa.selenium.remote.RemoteWebElement.click(RemoteWebElement.java:76)
at Utilities.AppUtils.msoLogin(AppUtils.java:43)
at TestCases.TC019_MsoStandardPlans.msoStandardPlansPageTest(TC019_MsoStandardPlans.java:30)
at java.base/java.util.ArrayList.forEach(ArrayList.java:1596)
... Removed 28 stack frames]]>
    </failure>
  </testcase> <!-- msoStandardPlansPageTest -->
  <testcase classname="TestCases.TC020_MsoCustomPlans" name="msoCustomPlansPageTest" time="1.754">
    <failure type="org.openqa.selenium.ElementClickInterceptedException" message="element click intercepted: Element &amp;lt;p class=&amp;quot;hidden text-base text-[#666666] mr-[5px] md:inline&amp;quot;&amp;gt;...&amp;lt;/p&amp;gt; is not clickable at point (1413, 61). Other element would receive the click: &amp;lt;body class=&amp;quot;loading-indicator&amp;quot;&amp;gt;...&amp;lt;/body&amp;gt;
  (Session info: chrome=130.0.6723.93)
Build info: version: &amp;apos;4.24.0&amp;apos;, revision: &amp;apos;748ffc9bc3&amp;apos;
System info: os.name: &amp;apos;Windows 10&amp;apos;, os.arch: &amp;apos;amd64&amp;apos;, os.version: &amp;apos;10.0&amp;apos;, java.version: &amp;apos;21.0.4&amp;apos;
Driver info: org.openqa.selenium.chrome.ChromeDriver
Command: [e987669596fe1a738d185b123137bb2f, clickElement {id=f.DC1CBD3159C2AF75EC5DD55D3F7E9EE4.d.69C44B8833C3CB988788BDF37A35DF2B.e.22}]
Capabilities {acceptInsecureCerts: false, browserName: chrome, browserVersion: 130.0.6723.93, chrome: {chromedriverVersion: 130.0.6723.69 (3ec172b971b9..., userDataDir: C:\Users\PRAYOG~1.MUD\AppDa...}, fedcm:accounts: true, goog:chromeOptions: {debuggerAddress: localhost:50037}, networkConnectionEnabled: false, pageLoadStrategy: normal, platformName: windows, proxy: Proxy(), se:cdp: ws://localhost:50037/devtoo..., se:cdpVersion: 130.0.6723.93, setWindowRect: true, strictFileInteractability: false, timeouts: {implicit: 0, pageLoad: 300000, script: 30000}, unhandledPromptBehavior: dismiss and notify, webauthn:extension:credBlob: true, webauthn:extension:largeBlob: true, webauthn:extension:minPinLength: true, webauthn:extension:prf: true, webauthn:virtualAuthenticators: true}
Element: [[ChromeDriver: chrome on windows (e987669596fe1a738d185b123137bb2f)] -&amp;gt; xpath: (//p[@class=&amp;apos;hidden text-base text-[#666666] mr-[5px] md:inline&amp;apos;])[1]]
Session ID: e987669596fe1a738d185b123137bb2f">
      <![CDATA[org.openqa.selenium.ElementClickInterceptedException: element click intercepted: Element <p class="hidden text-base text-[#666666] mr-[5px] md:inline">...</p> is not clickable at point (1413, 61). Other element would receive the click: <body class="loading-indicator">...</body>
  (Session info: chrome=130.0.6723.93)
Build info: version: '4.24.0', revision: '748ffc9bc3'
System info: os.name: 'Windows 10', os.arch: 'amd64', os.version: '10.0', java.version: '21.0.4'
Driver info: org.openqa.selenium.chrome.ChromeDriver
Command: [e987669596fe1a738d185b123137bb2f, clickElement {id=f.DC1CBD3159C2AF75EC5DD55D3F7E9EE4.d.69C44B8833C3CB988788BDF37A35DF2B.e.22}]
Capabilities {acceptInsecureCerts: false, browserName: chrome, browserVersion: 130.0.6723.93, chrome: {chromedriverVersion: 130.0.6723.69 (3ec172b971b9..., userDataDir: C:\Users\PRAYOG~1.MUD\AppDa...}, fedcm:accounts: true, goog:chromeOptions: {debuggerAddress: localhost:50037}, networkConnectionEnabled: false, pageLoadStrategy: normal, platformName: windows, proxy: Proxy(), se:cdp: ws://localhost:50037/devtoo..., se:cdpVersion: 130.0.6723.93, setWindowRect: true, strictFileInteractability: false, timeouts: {implicit: 0, pageLoad: 300000, script: 30000}, unhandledPromptBehavior: dismiss and notify, webauthn:extension:credBlob: true, webauthn:extension:largeBlob: true, webauthn:extension:minPinLength: true, webauthn:extension:prf: true, webauthn:virtualAuthenticators: true}
Element: [[ChromeDriver: chrome on windows (e987669596fe1a738d185b123137bb2f)] -> xpath: (//p[@class='hidden text-base text-[#666666] mr-[5px] md:inline'])[1]]
Session ID: e987669596fe1a738d185b123137bb2f
at org.openqa.selenium.remote.ErrorCodec.decode(ErrorCodec.java:167)
at org.openqa.selenium.remote.codec.w3c.W3CHttpResponseCodec.decode(W3CHttpResponseCodec.java:138)
at org.openqa.selenium.remote.codec.w3c.W3CHttpResponseCodec.decode(W3CHttpResponseCodec.java:50)
at org.openqa.selenium.remote.HttpCommandExecutor.execute(HttpCommandExecutor.java:190)
at org.openqa.selenium.remote.service.DriverCommandExecutor.invokeExecute(DriverCommandExecutor.java:216)
at org.openqa.selenium.remote.service.DriverCommandExecutor.execute(DriverCommandExecutor.java:174)
at org.openqa.selenium.remote.RemoteWebDriver.execute(RemoteWebDriver.java:545)
at org.openqa.selenium.remote.RemoteWebElement.execute(RemoteWebElement.java:223)
at org.openqa.selenium.remote.RemoteWebElement.click(RemoteWebElement.java:76)
at Utilities.AppUtils.msoLogin(AppUtils.java:43)
at TestCases.TC020_MsoCustomPlans.msoCustomPlansPageTest(TC020_MsoCustomPlans.java:30)
at java.base/java.util.ArrayList.forEach(ArrayList.java:1596)
... Removed 28 stack frames]]>
    </failure>
  </testcase> <!-- msoCustomPlansPageTest -->
  <testcase classname="TestCases.TC021_MsoCreateCustomPlan" name="msoCreateCustomPlanTest" time="1.817">
    <failure type="org.openqa.selenium.ElementClickInterceptedException" message="element click intercepted: Element &amp;lt;p class=&amp;quot;hidden text-base text-[#666666] mr-[5px] md:inline&amp;quot;&amp;gt;...&amp;lt;/p&amp;gt; is not clickable at point (1413, 61). Other element would receive the click: &amp;lt;body class=&amp;quot;loading-indicator&amp;quot;&amp;gt;...&amp;lt;/body&amp;gt;
  (Session info: chrome=130.0.6723.93)
Build info: version: &amp;apos;4.24.0&amp;apos;, revision: &amp;apos;748ffc9bc3&amp;apos;
System info: os.name: &amp;apos;Windows 10&amp;apos;, os.arch: &amp;apos;amd64&amp;apos;, os.version: &amp;apos;10.0&amp;apos;, java.version: &amp;apos;21.0.4&amp;apos;
Driver info: org.openqa.selenium.chrome.ChromeDriver
Command: [c542f5f98ab92cf40ba5486c49400bd6, clickElement {id=f.F85EF6943CBD827340B7656646E9D0A9.d.537B23051AD0460AB4095E0A79787C8F.e.36}]
Capabilities {acceptInsecureCerts: false, browserName: chrome, browserVersion: 130.0.6723.93, chrome: {chromedriverVersion: 130.0.6723.69 (3ec172b971b9..., userDataDir: C:\Users\PRAYOG~1.MUD\AppDa...}, fedcm:accounts: true, goog:chromeOptions: {debuggerAddress: localhost:50066}, networkConnectionEnabled: false, pageLoadStrategy: normal, platformName: windows, proxy: Proxy(), se:cdp: ws://localhost:50066/devtoo..., se:cdpVersion: 130.0.6723.93, setWindowRect: true, strictFileInteractability: false, timeouts: {implicit: 0, pageLoad: 300000, script: 30000}, unhandledPromptBehavior: dismiss and notify, webauthn:extension:credBlob: true, webauthn:extension:largeBlob: true, webauthn:extension:minPinLength: true, webauthn:extension:prf: true, webauthn:virtualAuthenticators: true}
Element: [[ChromeDriver: chrome on windows (c542f5f98ab92cf40ba5486c49400bd6)] -&amp;gt; xpath: (//p[@class=&amp;apos;hidden text-base text-[#666666] mr-[5px] md:inline&amp;apos;])[1]]
Session ID: c542f5f98ab92cf40ba5486c49400bd6">
      <![CDATA[org.openqa.selenium.ElementClickInterceptedException: element click intercepted: Element <p class="hidden text-base text-[#666666] mr-[5px] md:inline">...</p> is not clickable at point (1413, 61). Other element would receive the click: <body class="loading-indicator">...</body>
  (Session info: chrome=130.0.6723.93)
Build info: version: '4.24.0', revision: '748ffc9bc3'
System info: os.name: 'Windows 10', os.arch: 'amd64', os.version: '10.0', java.version: '21.0.4'
Driver info: org.openqa.selenium.chrome.ChromeDriver
Command: [c542f5f98ab92cf40ba5486c49400bd6, clickElement {id=f.F85EF6943CBD827340B7656646E9D0A9.d.537B23051AD0460AB4095E0A79787C8F.e.36}]
Capabilities {acceptInsecureCerts: false, browserName: chrome, browserVersion: 130.0.6723.93, chrome: {chromedriverVersion: 130.0.6723.69 (3ec172b971b9..., userDataDir: C:\Users\PRAYOG~1.MUD\AppDa...}, fedcm:accounts: true, goog:chromeOptions: {debuggerAddress: localhost:50066}, networkConnectionEnabled: false, pageLoadStrategy: normal, platformName: windows, proxy: Proxy(), se:cdp: ws://localhost:50066/devtoo..., se:cdpVersion: 130.0.6723.93, setWindowRect: true, strictFileInteractability: false, timeouts: {implicit: 0, pageLoad: 300000, script: 30000}, unhandledPromptBehavior: dismiss and notify, webauthn:extension:credBlob: true, webauthn:extension:largeBlob: true, webauthn:extension:minPinLength: true, webauthn:extension:prf: true, webauthn:virtualAuthenticators: true}
Element: [[ChromeDriver: chrome on windows (c542f5f98ab92cf40ba5486c49400bd6)] -> xpath: (//p[@class='hidden text-base text-[#666666] mr-[5px] md:inline'])[1]]
Session ID: c542f5f98ab92cf40ba5486c49400bd6
at org.openqa.selenium.remote.ErrorCodec.decode(ErrorCodec.java:167)
at org.openqa.selenium.remote.codec.w3c.W3CHttpResponseCodec.decode(W3CHttpResponseCodec.java:138)
at org.openqa.selenium.remote.codec.w3c.W3CHttpResponseCodec.decode(W3CHttpResponseCodec.java:50)
at org.openqa.selenium.remote.HttpCommandExecutor.execute(HttpCommandExecutor.java:190)
at org.openqa.selenium.remote.service.DriverCommandExecutor.invokeExecute(DriverCommandExecutor.java:216)
at org.openqa.selenium.remote.service.DriverCommandExecutor.execute(DriverCommandExecutor.java:174)
at org.openqa.selenium.remote.RemoteWebDriver.execute(RemoteWebDriver.java:545)
at org.openqa.selenium.remote.RemoteWebElement.execute(RemoteWebElement.java:223)
at org.openqa.selenium.remote.RemoteWebElement.click(RemoteWebElement.java:76)
at Utilities.AppUtils.msoLogin(AppUtils.java:43)
at TestCases.TC021_MsoCreateCustomPlan.msoCreateCustomPlanTest(TC021_MsoCreateCustomPlan.java:30)
at java.base/java.util.ArrayList.forEach(ArrayList.java:1596)
... Removed 28 stack frames]]>
    </failure>
  </testcase> <!-- msoCreateCustomPlanTest -->
  <testcase classname="TestCases.TC022_MsoPartnersPage" name="check_Arjun_LCO_Test" time="1.638">
    <failure type="org.openqa.selenium.ElementClickInterceptedException" message="element click intercepted: Element &amp;lt;p class=&amp;quot;hidden text-base text-[#666666] mr-[5px] md:inline&amp;quot;&amp;gt;...&amp;lt;/p&amp;gt; is not clickable at point (1413, 61). Other element would receive the click: &amp;lt;body class=&amp;quot;loading-indicator&amp;quot;&amp;gt;...&amp;lt;/body&amp;gt;
  (Session info: chrome=130.0.6723.93)
Build info: version: &amp;apos;4.24.0&amp;apos;, revision: &amp;apos;748ffc9bc3&amp;apos;
System info: os.name: &amp;apos;Windows 10&amp;apos;, os.arch: &amp;apos;amd64&amp;apos;, os.version: &amp;apos;10.0&amp;apos;, java.version: &amp;apos;21.0.4&amp;apos;
Driver info: org.openqa.selenium.chrome.ChromeDriver
Command: [206dce4647c109c1bc325167ce86834f, clickElement {id=f.CF3C7F945485641761CD608686F82775.d.0209E3DC67BF6D458D4F8FB9A405BDEB.e.32}]
Capabilities {acceptInsecureCerts: false, browserName: chrome, browserVersion: 130.0.6723.93, chrome: {chromedriverVersion: 130.0.6723.69 (3ec172b971b9..., userDataDir: C:\Users\PRAYOG~1.MUD\AppDa...}, fedcm:accounts: true, goog:chromeOptions: {debuggerAddress: localhost:50099}, networkConnectionEnabled: false, pageLoadStrategy: normal, platformName: windows, proxy: Proxy(), se:cdp: ws://localhost:50099/devtoo..., se:cdpVersion: 130.0.6723.93, setWindowRect: true, strictFileInteractability: false, timeouts: {implicit: 0, pageLoad: 300000, script: 30000}, unhandledPromptBehavior: dismiss and notify, webauthn:extension:credBlob: true, webauthn:extension:largeBlob: true, webauthn:extension:minPinLength: true, webauthn:extension:prf: true, webauthn:virtualAuthenticators: true}
Element: [[ChromeDriver: chrome on windows (206dce4647c109c1bc325167ce86834f)] -&amp;gt; xpath: (//p[@class=&amp;apos;hidden text-base text-[#666666] mr-[5px] md:inline&amp;apos;])[1]]
Session ID: 206dce4647c109c1bc325167ce86834f">
      <![CDATA[org.openqa.selenium.ElementClickInterceptedException: element click intercepted: Element <p class="hidden text-base text-[#666666] mr-[5px] md:inline">...</p> is not clickable at point (1413, 61). Other element would receive the click: <body class="loading-indicator">...</body>
  (Session info: chrome=130.0.6723.93)
Build info: version: '4.24.0', revision: '748ffc9bc3'
System info: os.name: 'Windows 10', os.arch: 'amd64', os.version: '10.0', java.version: '21.0.4'
Driver info: org.openqa.selenium.chrome.ChromeDriver
Command: [206dce4647c109c1bc325167ce86834f, clickElement {id=f.CF3C7F945485641761CD608686F82775.d.0209E3DC67BF6D458D4F8FB9A405BDEB.e.32}]
Capabilities {acceptInsecureCerts: false, browserName: chrome, browserVersion: 130.0.6723.93, chrome: {chromedriverVersion: 130.0.6723.69 (3ec172b971b9..., userDataDir: C:\Users\PRAYOG~1.MUD\AppDa...}, fedcm:accounts: true, goog:chromeOptions: {debuggerAddress: localhost:50099}, networkConnectionEnabled: false, pageLoadStrategy: normal, platformName: windows, proxy: Proxy(), se:cdp: ws://localhost:50099/devtoo..., se:cdpVersion: 130.0.6723.93, setWindowRect: true, strictFileInteractability: false, timeouts: {implicit: 0, pageLoad: 300000, script: 30000}, unhandledPromptBehavior: dismiss and notify, webauthn:extension:credBlob: true, webauthn:extension:largeBlob: true, webauthn:extension:minPinLength: true, webauthn:extension:prf: true, webauthn:virtualAuthenticators: true}
Element: [[ChromeDriver: chrome on windows (206dce4647c109c1bc325167ce86834f)] -> xpath: (//p[@class='hidden text-base text-[#666666] mr-[5px] md:inline'])[1]]
Session ID: 206dce4647c109c1bc325167ce86834f
at org.openqa.selenium.remote.ErrorCodec.decode(ErrorCodec.java:167)
at org.openqa.selenium.remote.codec.w3c.W3CHttpResponseCodec.decode(W3CHttpResponseCodec.java:138)
at org.openqa.selenium.remote.codec.w3c.W3CHttpResponseCodec.decode(W3CHttpResponseCodec.java:50)
at org.openqa.selenium.remote.HttpCommandExecutor.execute(HttpCommandExecutor.java:190)
at org.openqa.selenium.remote.service.DriverCommandExecutor.invokeExecute(DriverCommandExecutor.java:216)
at org.openqa.selenium.remote.service.DriverCommandExecutor.execute(DriverCommandExecutor.java:174)
at org.openqa.selenium.remote.RemoteWebDriver.execute(RemoteWebDriver.java:545)
at org.openqa.selenium.remote.RemoteWebElement.execute(RemoteWebElement.java:223)
at org.openqa.selenium.remote.RemoteWebElement.click(RemoteWebElement.java:76)
at Utilities.AppUtils.msoLogin(AppUtils.java:43)
at TestCases.TC022_MsoPartnersPage.check_Arjun_LCO_Test(TC022_MsoPartnersPage.java:33)
at java.base/java.util.ArrayList.forEach(ArrayList.java:1596)
... Removed 28 stack frames]]>
    </failure>
  </testcase> <!-- check_Arjun_LCO_Test -->
  <testcase classname="TestCases.TC023_MsoAddPartner" name="createNewMsoPartnerTest" time="1.866">
    <failure type="org.openqa.selenium.ElementClickInterceptedException" message="element click intercepted: Element &amp;lt;p class=&amp;quot;hidden text-base text-[#666666] mr-[5px] md:inline&amp;quot;&amp;gt;...&amp;lt;/p&amp;gt; is not clickable at point (1413, 61). Other element would receive the click: &amp;lt;body class=&amp;quot;loading-indicator&amp;quot;&amp;gt;...&amp;lt;/body&amp;gt;
  (Session info: chrome=130.0.6723.93)
Build info: version: &amp;apos;4.24.0&amp;apos;, revision: &amp;apos;748ffc9bc3&amp;apos;
System info: os.name: &amp;apos;Windows 10&amp;apos;, os.arch: &amp;apos;amd64&amp;apos;, os.version: &amp;apos;10.0&amp;apos;, java.version: &amp;apos;21.0.4&amp;apos;
Driver info: org.openqa.selenium.chrome.ChromeDriver
Command: [084051de1218da0f4a9f850ffd1dd579, clickElement {id=f.623FC4158C1267F9B2FC7DB1F13C59AE.d.531796D42822AA5059EAB25BD13C20E5.e.10}]
Capabilities {acceptInsecureCerts: false, browserName: chrome, browserVersion: 130.0.6723.93, chrome: {chromedriverVersion: 130.0.6723.69 (3ec172b971b9..., userDataDir: C:\Users\PRAYOG~1.MUD\AppDa...}, fedcm:accounts: true, goog:chromeOptions: {debuggerAddress: localhost:50127}, networkConnectionEnabled: false, pageLoadStrategy: normal, platformName: windows, proxy: Proxy(), se:cdp: ws://localhost:50127/devtoo..., se:cdpVersion: 130.0.6723.93, setWindowRect: true, strictFileInteractability: false, timeouts: {implicit: 0, pageLoad: 300000, script: 30000}, unhandledPromptBehavior: dismiss and notify, webauthn:extension:credBlob: true, webauthn:extension:largeBlob: true, webauthn:extension:minPinLength: true, webauthn:extension:prf: true, webauthn:virtualAuthenticators: true}
Element: [[ChromeDriver: chrome on windows (084051de1218da0f4a9f850ffd1dd579)] -&amp;gt; xpath: (//p[@class=&amp;apos;hidden text-base text-[#666666] mr-[5px] md:inline&amp;apos;])[1]]
Session ID: 084051de1218da0f4a9f850ffd1dd579">
      <![CDATA[org.openqa.selenium.ElementClickInterceptedException: element click intercepted: Element <p class="hidden text-base text-[#666666] mr-[5px] md:inline">...</p> is not clickable at point (1413, 61). Other element would receive the click: <body class="loading-indicator">...</body>
  (Session info: chrome=130.0.6723.93)
Build info: version: '4.24.0', revision: '748ffc9bc3'
System info: os.name: 'Windows 10', os.arch: 'amd64', os.version: '10.0', java.version: '21.0.4'
Driver info: org.openqa.selenium.chrome.ChromeDriver
Command: [084051de1218da0f4a9f850ffd1dd579, clickElement {id=f.623FC4158C1267F9B2FC7DB1F13C59AE.d.531796D42822AA5059EAB25BD13C20E5.e.10}]
Capabilities {acceptInsecureCerts: false, browserName: chrome, browserVersion: 130.0.6723.93, chrome: {chromedriverVersion: 130.0.6723.69 (3ec172b971b9..., userDataDir: C:\Users\PRAYOG~1.MUD\AppDa...}, fedcm:accounts: true, goog:chromeOptions: {debuggerAddress: localhost:50127}, networkConnectionEnabled: false, pageLoadStrategy: normal, platformName: windows, proxy: Proxy(), se:cdp: ws://localhost:50127/devtoo..., se:cdpVersion: 130.0.6723.93, setWindowRect: true, strictFileInteractability: false, timeouts: {implicit: 0, pageLoad: 300000, script: 30000}, unhandledPromptBehavior: dismiss and notify, webauthn:extension:credBlob: true, webauthn:extension:largeBlob: true, webauthn:extension:minPinLength: true, webauthn:extension:prf: true, webauthn:virtualAuthenticators: true}
Element: [[ChromeDriver: chrome on windows (084051de1218da0f4a9f850ffd1dd579)] -> xpath: (//p[@class='hidden text-base text-[#666666] mr-[5px] md:inline'])[1]]
Session ID: 084051de1218da0f4a9f850ffd1dd579
at org.openqa.selenium.remote.ErrorCodec.decode(ErrorCodec.java:167)
at org.openqa.selenium.remote.codec.w3c.W3CHttpResponseCodec.decode(W3CHttpResponseCodec.java:138)
at org.openqa.selenium.remote.codec.w3c.W3CHttpResponseCodec.decode(W3CHttpResponseCodec.java:50)
at org.openqa.selenium.remote.HttpCommandExecutor.execute(HttpCommandExecutor.java:190)
at org.openqa.selenium.remote.service.DriverCommandExecutor.invokeExecute(DriverCommandExecutor.java:216)
at org.openqa.selenium.remote.service.DriverCommandExecutor.execute(DriverCommandExecutor.java:174)
at org.openqa.selenium.remote.RemoteWebDriver.execute(RemoteWebDriver.java:545)
at org.openqa.selenium.remote.RemoteWebElement.execute(RemoteWebElement.java:223)
at org.openqa.selenium.remote.RemoteWebElement.click(RemoteWebElement.java:76)
at Utilities.AppUtils.msoLogin(AppUtils.java:43)
at TestCases.TC023_MsoAddPartner.createNewMsoPartnerTest(TC023_MsoAddPartner.java:31)
at java.base/java.util.ArrayList.forEach(ArrayList.java:1596)
... Removed 28 stack frames]]>
    </failure>
  </testcase> <!-- createNewMsoPartnerTest -->
  <testcase classname="TestCases.TC024_MsoInventoryDeviceId" name="msoInventoryDeviceIdTest" time="1.687">
    <failure type="org.openqa.selenium.ElementClickInterceptedException" message="element click intercepted: Element &amp;lt;p class=&amp;quot;hidden text-base text-[#666666] mr-[5px] md:inline&amp;quot;&amp;gt;...&amp;lt;/p&amp;gt; is not clickable at point (1413, 61). Other element would receive the click: &amp;lt;body class=&amp;quot;loading-indicator&amp;quot;&amp;gt;...&amp;lt;/body&amp;gt;
  (Session info: chrome=130.0.6723.93)
Build info: version: &amp;apos;4.24.0&amp;apos;, revision: &amp;apos;748ffc9bc3&amp;apos;
System info: os.name: &amp;apos;Windows 10&amp;apos;, os.arch: &amp;apos;amd64&amp;apos;, os.version: &amp;apos;10.0&amp;apos;, java.version: &amp;apos;21.0.4&amp;apos;
Driver info: org.openqa.selenium.chrome.ChromeDriver
Command: [83afdc34337fa658106ac4ad45ea8b00, clickElement {id=f.1FF6171C064695C8925228FB118A293E.d.2E47EA289A0F1EE8EC60BBEC3CBC8110.e.35}]
Capabilities {acceptInsecureCerts: false, browserName: chrome, browserVersion: 130.0.6723.93, chrome: {chromedriverVersion: 130.0.6723.69 (3ec172b971b9..., userDataDir: C:\Users\PRAYOG~1.MUD\AppDa...}, fedcm:accounts: true, goog:chromeOptions: {debuggerAddress: localhost:50159}, networkConnectionEnabled: false, pageLoadStrategy: normal, platformName: windows, proxy: Proxy(), se:cdp: ws://localhost:50159/devtoo..., se:cdpVersion: 130.0.6723.93, setWindowRect: true, strictFileInteractability: false, timeouts: {implicit: 0, pageLoad: 300000, script: 30000}, unhandledPromptBehavior: dismiss and notify, webauthn:extension:credBlob: true, webauthn:extension:largeBlob: true, webauthn:extension:minPinLength: true, webauthn:extension:prf: true, webauthn:virtualAuthenticators: true}
Element: [[ChromeDriver: chrome on windows (83afdc34337fa658106ac4ad45ea8b00)] -&amp;gt; xpath: (//p[@class=&amp;apos;hidden text-base text-[#666666] mr-[5px] md:inline&amp;apos;])[1]]
Session ID: 83afdc34337fa658106ac4ad45ea8b00">
      <![CDATA[org.openqa.selenium.ElementClickInterceptedException: element click intercepted: Element <p class="hidden text-base text-[#666666] mr-[5px] md:inline">...</p> is not clickable at point (1413, 61). Other element would receive the click: <body class="loading-indicator">...</body>
  (Session info: chrome=130.0.6723.93)
Build info: version: '4.24.0', revision: '748ffc9bc3'
System info: os.name: 'Windows 10', os.arch: 'amd64', os.version: '10.0', java.version: '21.0.4'
Driver info: org.openqa.selenium.chrome.ChromeDriver
Command: [83afdc34337fa658106ac4ad45ea8b00, clickElement {id=f.1FF6171C064695C8925228FB118A293E.d.2E47EA289A0F1EE8EC60BBEC3CBC8110.e.35}]
Capabilities {acceptInsecureCerts: false, browserName: chrome, browserVersion: 130.0.6723.93, chrome: {chromedriverVersion: 130.0.6723.69 (3ec172b971b9..., userDataDir: C:\Users\PRAYOG~1.MUD\AppDa...}, fedcm:accounts: true, goog:chromeOptions: {debuggerAddress: localhost:50159}, networkConnectionEnabled: false, pageLoadStrategy: normal, platformName: windows, proxy: Proxy(), se:cdp: ws://localhost:50159/devtoo..., se:cdpVersion: 130.0.6723.93, setWindowRect: true, strictFileInteractability: false, timeouts: {implicit: 0, pageLoad: 300000, script: 30000}, unhandledPromptBehavior: dismiss and notify, webauthn:extension:credBlob: true, webauthn:extension:largeBlob: true, webauthn:extension:minPinLength: true, webauthn:extension:prf: true, webauthn:virtualAuthenticators: true}
Element: [[ChromeDriver: chrome on windows (83afdc34337fa658106ac4ad45ea8b00)] -> xpath: (//p[@class='hidden text-base text-[#666666] mr-[5px] md:inline'])[1]]
Session ID: 83afdc34337fa658106ac4ad45ea8b00
at org.openqa.selenium.remote.ErrorCodec.decode(ErrorCodec.java:167)
at org.openqa.selenium.remote.codec.w3c.W3CHttpResponseCodec.decode(W3CHttpResponseCodec.java:138)
at org.openqa.selenium.remote.codec.w3c.W3CHttpResponseCodec.decode(W3CHttpResponseCodec.java:50)
at org.openqa.selenium.remote.HttpCommandExecutor.execute(HttpCommandExecutor.java:190)
at org.openqa.selenium.remote.service.DriverCommandExecutor.invokeExecute(DriverCommandExecutor.java:216)
at org.openqa.selenium.remote.service.DriverCommandExecutor.execute(DriverCommandExecutor.java:174)
at org.openqa.selenium.remote.RemoteWebDriver.execute(RemoteWebDriver.java:545)
at org.openqa.selenium.remote.RemoteWebElement.execute(RemoteWebElement.java:223)
at org.openqa.selenium.remote.RemoteWebElement.click(RemoteWebElement.java:76)
at Utilities.AppUtils.msoLogin(AppUtils.java:43)
at TestCases.TC024_MsoInventoryDeviceId.msoInventoryDeviceIdTest(TC024_MsoInventoryDeviceId.java:32)
at java.base/java.util.ArrayList.forEach(ArrayList.java:1596)
... Removed 28 stack frames]]>
    </failure>
  </testcase> <!-- msoInventoryDeviceIdTest -->
  <testcase classname="TestCases.TC025_MsoInventoryOrderId" name="msoInventoryOrderIdTest" time="1.629">
    <failure type="org.openqa.selenium.ElementClickInterceptedException" message="element click intercepted: Element &amp;lt;p class=&amp;quot;hidden text-base text-[#666666] mr-[5px] md:inline&amp;quot;&amp;gt;...&amp;lt;/p&amp;gt; is not clickable at point (1413, 61). Other element would receive the click: &amp;lt;body class=&amp;quot;loading-indicator&amp;quot;&amp;gt;...&amp;lt;/body&amp;gt;
  (Session info: chrome=130.0.6723.93)
Build info: version: &amp;apos;4.24.0&amp;apos;, revision: &amp;apos;748ffc9bc3&amp;apos;
System info: os.name: &amp;apos;Windows 10&amp;apos;, os.arch: &amp;apos;amd64&amp;apos;, os.version: &amp;apos;10.0&amp;apos;, java.version: &amp;apos;21.0.4&amp;apos;
Driver info: org.openqa.selenium.chrome.ChromeDriver
Command: [ad2b73879fc21e02cf4138aac044c756, clickElement {id=f.4EB84725A172AA9E1ED472314EE58C76.d.82AD4FE8F5F689214B4227C9D41D7925.e.23}]
Capabilities {acceptInsecureCerts: false, browserName: chrome, browserVersion: 130.0.6723.93, chrome: {chromedriverVersion: 130.0.6723.69 (3ec172b971b9..., userDataDir: C:\Users\PRAYOG~1.MUD\AppDa...}, fedcm:accounts: true, goog:chromeOptions: {debuggerAddress: localhost:50190}, networkConnectionEnabled: false, pageLoadStrategy: normal, platformName: windows, proxy: Proxy(), se:cdp: ws://localhost:50190/devtoo..., se:cdpVersion: 130.0.6723.93, setWindowRect: true, strictFileInteractability: false, timeouts: {implicit: 0, pageLoad: 300000, script: 30000}, unhandledPromptBehavior: dismiss and notify, webauthn:extension:credBlob: true, webauthn:extension:largeBlob: true, webauthn:extension:minPinLength: true, webauthn:extension:prf: true, webauthn:virtualAuthenticators: true}
Element: [[ChromeDriver: chrome on windows (ad2b73879fc21e02cf4138aac044c756)] -&amp;gt; xpath: (//p[@class=&amp;apos;hidden text-base text-[#666666] mr-[5px] md:inline&amp;apos;])[1]]
Session ID: ad2b73879fc21e02cf4138aac044c756">
      <![CDATA[org.openqa.selenium.ElementClickInterceptedException: element click intercepted: Element <p class="hidden text-base text-[#666666] mr-[5px] md:inline">...</p> is not clickable at point (1413, 61). Other element would receive the click: <body class="loading-indicator">...</body>
  (Session info: chrome=130.0.6723.93)
Build info: version: '4.24.0', revision: '748ffc9bc3'
System info: os.name: 'Windows 10', os.arch: 'amd64', os.version: '10.0', java.version: '21.0.4'
Driver info: org.openqa.selenium.chrome.ChromeDriver
Command: [ad2b73879fc21e02cf4138aac044c756, clickElement {id=f.4EB84725A172AA9E1ED472314EE58C76.d.82AD4FE8F5F689214B4227C9D41D7925.e.23}]
Capabilities {acceptInsecureCerts: false, browserName: chrome, browserVersion: 130.0.6723.93, chrome: {chromedriverVersion: 130.0.6723.69 (3ec172b971b9..., userDataDir: C:\Users\PRAYOG~1.MUD\AppDa...}, fedcm:accounts: true, goog:chromeOptions: {debuggerAddress: localhost:50190}, networkConnectionEnabled: false, pageLoadStrategy: normal, platformName: windows, proxy: Proxy(), se:cdp: ws://localhost:50190/devtoo..., se:cdpVersion: 130.0.6723.93, setWindowRect: true, strictFileInteractability: false, timeouts: {implicit: 0, pageLoad: 300000, script: 30000}, unhandledPromptBehavior: dismiss and notify, webauthn:extension:credBlob: true, webauthn:extension:largeBlob: true, webauthn:extension:minPinLength: true, webauthn:extension:prf: true, webauthn:virtualAuthenticators: true}
Element: [[ChromeDriver: chrome on windows (ad2b73879fc21e02cf4138aac044c756)] -> xpath: (//p[@class='hidden text-base text-[#666666] mr-[5px] md:inline'])[1]]
Session ID: ad2b73879fc21e02cf4138aac044c756
at org.openqa.selenium.remote.ErrorCodec.decode(ErrorCodec.java:167)
at org.openqa.selenium.remote.codec.w3c.W3CHttpResponseCodec.decode(W3CHttpResponseCodec.java:138)
at org.openqa.selenium.remote.codec.w3c.W3CHttpResponseCodec.decode(W3CHttpResponseCodec.java:50)
at org.openqa.selenium.remote.HttpCommandExecutor.execute(HttpCommandExecutor.java:190)
at org.openqa.selenium.remote.service.DriverCommandExecutor.invokeExecute(DriverCommandExecutor.java:216)
at org.openqa.selenium.remote.service.DriverCommandExecutor.execute(DriverCommandExecutor.java:174)
at org.openqa.selenium.remote.RemoteWebDriver.execute(RemoteWebDriver.java:545)
at org.openqa.selenium.remote.RemoteWebElement.execute(RemoteWebElement.java:223)
at org.openqa.selenium.remote.RemoteWebElement.click(RemoteWebElement.java:76)
at Utilities.AppUtils.msoLogin(AppUtils.java:43)
at TestCases.TC025_MsoInventoryOrderId.msoInventoryOrderIdTest(TC025_MsoInventoryOrderId.java:32)
at java.base/java.util.ArrayList.forEach(ArrayList.java:1596)
... Removed 28 stack frames]]>
    </failure>
  </testcase> <!-- msoInventoryOrderIdTest -->
  <testcase classname="TestCases.TC026_MsoLogout" name="msoLogoutTest" time="1.671">
    <failure type="org.openqa.selenium.ElementClickInterceptedException" message="element click intercepted: Element &amp;lt;p class=&amp;quot;hidden text-base text-[#666666] mr-[5px] md:inline&amp;quot;&amp;gt;...&amp;lt;/p&amp;gt; is not clickable at point (1413, 61). Other element would receive the click: &amp;lt;body class=&amp;quot;loading-indicator&amp;quot;&amp;gt;...&amp;lt;/body&amp;gt;
  (Session info: chrome=130.0.6723.93)
Build info: version: &amp;apos;4.24.0&amp;apos;, revision: &amp;apos;748ffc9bc3&amp;apos;
System info: os.name: &amp;apos;Windows 10&amp;apos;, os.arch: &amp;apos;amd64&amp;apos;, os.version: &amp;apos;10.0&amp;apos;, java.version: &amp;apos;21.0.4&amp;apos;
Driver info: org.openqa.selenium.chrome.ChromeDriver
Command: [f01bbbe7e25bb4079b2c42c8328c6864, clickElement {id=f.5AC716FCE2A845C3E02BDED98F7B38F6.d.5CA35923074EB0E53BE26EDD712CC170.e.37}]
Capabilities {acceptInsecureCerts: false, browserName: chrome, browserVersion: 130.0.6723.93, chrome: {chromedriverVersion: 130.0.6723.69 (3ec172b971b9..., userDataDir: C:\Users\PRAYOG~1.MUD\AppDa...}, fedcm:accounts: true, goog:chromeOptions: {debuggerAddress: localhost:50220}, networkConnectionEnabled: false, pageLoadStrategy: normal, platformName: windows, proxy: Proxy(), se:cdp: ws://localhost:50220/devtoo..., se:cdpVersion: 130.0.6723.93, setWindowRect: true, strictFileInteractability: false, timeouts: {implicit: 0, pageLoad: 300000, script: 30000}, unhandledPromptBehavior: dismiss and notify, webauthn:extension:credBlob: true, webauthn:extension:largeBlob: true, webauthn:extension:minPinLength: true, webauthn:extension:prf: true, webauthn:virtualAuthenticators: true}
Element: [[ChromeDriver: chrome on windows (f01bbbe7e25bb4079b2c42c8328c6864)] -&amp;gt; xpath: (//p[@class=&amp;apos;hidden text-base text-[#666666] mr-[5px] md:inline&amp;apos;])[1]]
Session ID: f01bbbe7e25bb4079b2c42c8328c6864">
      <![CDATA[org.openqa.selenium.ElementClickInterceptedException: element click intercepted: Element <p class="hidden text-base text-[#666666] mr-[5px] md:inline">...</p> is not clickable at point (1413, 61). Other element would receive the click: <body class="loading-indicator">...</body>
  (Session info: chrome=130.0.6723.93)
Build info: version: '4.24.0', revision: '748ffc9bc3'
System info: os.name: 'Windows 10', os.arch: 'amd64', os.version: '10.0', java.version: '21.0.4'
Driver info: org.openqa.selenium.chrome.ChromeDriver
Command: [f01bbbe7e25bb4079b2c42c8328c6864, clickElement {id=f.5AC716FCE2A845C3E02BDED98F7B38F6.d.5CA35923074EB0E53BE26EDD712CC170.e.37}]
Capabilities {acceptInsecureCerts: false, browserName: chrome, browserVersion: 130.0.6723.93, chrome: {chromedriverVersion: 130.0.6723.69 (3ec172b971b9..., userDataDir: C:\Users\PRAYOG~1.MUD\AppDa...}, fedcm:accounts: true, goog:chromeOptions: {debuggerAddress: localhost:50220}, networkConnectionEnabled: false, pageLoadStrategy: normal, platformName: windows, proxy: Proxy(), se:cdp: ws://localhost:50220/devtoo..., se:cdpVersion: 130.0.6723.93, setWindowRect: true, strictFileInteractability: false, timeouts: {implicit: 0, pageLoad: 300000, script: 30000}, unhandledPromptBehavior: dismiss and notify, webauthn:extension:credBlob: true, webauthn:extension:largeBlob: true, webauthn:extension:minPinLength: true, webauthn:extension:prf: true, webauthn:virtualAuthenticators: true}
Element: [[ChromeDriver: chrome on windows (f01bbbe7e25bb4079b2c42c8328c6864)] -> xpath: (//p[@class='hidden text-base text-[#666666] mr-[5px] md:inline'])[1]]
Session ID: f01bbbe7e25bb4079b2c42c8328c6864
at org.openqa.selenium.remote.ErrorCodec.decode(ErrorCodec.java:167)
at org.openqa.selenium.remote.codec.w3c.W3CHttpResponseCodec.decode(W3CHttpResponseCodec.java:138)
at org.openqa.selenium.remote.codec.w3c.W3CHttpResponseCodec.decode(W3CHttpResponseCodec.java:50)
at org.openqa.selenium.remote.HttpCommandExecutor.execute(HttpCommandExecutor.java:190)
at org.openqa.selenium.remote.service.DriverCommandExecutor.invokeExecute(DriverCommandExecutor.java:216)
at org.openqa.selenium.remote.service.DriverCommandExecutor.execute(DriverCommandExecutor.java:174)
at org.openqa.selenium.remote.RemoteWebDriver.execute(RemoteWebDriver.java:545)
at org.openqa.selenium.remote.RemoteWebElement.execute(RemoteWebElement.java:223)
at org.openqa.selenium.remote.RemoteWebElement.click(RemoteWebElement.java:76)
at Utilities.AppUtils.msoLogin(AppUtils.java:43)
at TestCases.TC026_MsoLogout.msoLogoutTest(TC026_MsoLogout.java:29)
at java.base/java.util.ArrayList.forEach(ArrayList.java:1596)
... Removed 28 stack frames]]>
    </failure>
  </testcase> <!-- msoLogoutTest -->
  <testcase classname="TestCases.TC027_LcoLogin" name="LcoLoginTest" time="2.005">
    <failure type="org.openqa.selenium.ElementClickInterceptedException" message="element click intercepted: Element &amp;lt;p class=&amp;quot;hidden text-base text-[#666666] mr-[5px] md:inline&amp;quot;&amp;gt;...&amp;lt;/p&amp;gt; is not clickable at point (1413, 61). Other element would receive the click: &amp;lt;body class=&amp;quot;loading-indicator&amp;quot;&amp;gt;...&amp;lt;/body&amp;gt;
  (Session info: chrome=130.0.6723.93)
Build info: version: &amp;apos;4.24.0&amp;apos;, revision: &amp;apos;748ffc9bc3&amp;apos;
System info: os.name: &amp;apos;Windows 10&amp;apos;, os.arch: &amp;apos;amd64&amp;apos;, os.version: &amp;apos;10.0&amp;apos;, java.version: &amp;apos;21.0.4&amp;apos;
Driver info: org.openqa.selenium.chrome.ChromeDriver
Command: [d7794a23dcbdf8ac00c7229f7cefb791, clickElement {id=f.B493EE023C21DD039ADD4FB6C8D8B3CB.d.8089122EAB4378BFE0E817B276654F4A.e.35}]
Capabilities {acceptInsecureCerts: false, browserName: chrome, browserVersion: 130.0.6723.93, chrome: {chromedriverVersion: 130.0.6723.69 (3ec172b971b9..., userDataDir: C:\Users\PRAYOG~1.MUD\AppDa...}, fedcm:accounts: true, goog:chromeOptions: {debuggerAddress: localhost:50247}, networkConnectionEnabled: false, pageLoadStrategy: normal, platformName: windows, proxy: Proxy(), se:cdp: ws://localhost:50247/devtoo..., se:cdpVersion: 130.0.6723.93, setWindowRect: true, strictFileInteractability: false, timeouts: {implicit: 0, pageLoad: 300000, script: 30000}, unhandledPromptBehavior: dismiss and notify, webauthn:extension:credBlob: true, webauthn:extension:largeBlob: true, webauthn:extension:minPinLength: true, webauthn:extension:prf: true, webauthn:virtualAuthenticators: true}
Element: [[ChromeDriver: chrome on windows (d7794a23dcbdf8ac00c7229f7cefb791)] -&amp;gt; xpath: (//p[@class=&amp;apos;hidden text-base text-[#666666] mr-[5px] md:inline&amp;apos;])[1]]
Session ID: d7794a23dcbdf8ac00c7229f7cefb791">
      <![CDATA[org.openqa.selenium.ElementClickInterceptedException: element click intercepted: Element <p class="hidden text-base text-[#666666] mr-[5px] md:inline">...</p> is not clickable at point (1413, 61). Other element would receive the click: <body class="loading-indicator">...</body>
  (Session info: chrome=130.0.6723.93)
Build info: version: '4.24.0', revision: '748ffc9bc3'
System info: os.name: 'Windows 10', os.arch: 'amd64', os.version: '10.0', java.version: '21.0.4'
Driver info: org.openqa.selenium.chrome.ChromeDriver
Command: [d7794a23dcbdf8ac00c7229f7cefb791, clickElement {id=f.B493EE023C21DD039ADD4FB6C8D8B3CB.d.8089122EAB4378BFE0E817B276654F4A.e.35}]
Capabilities {acceptInsecureCerts: false, browserName: chrome, browserVersion: 130.0.6723.93, chrome: {chromedriverVersion: 130.0.6723.69 (3ec172b971b9..., userDataDir: C:\Users\PRAYOG~1.MUD\AppDa...}, fedcm:accounts: true, goog:chromeOptions: {debuggerAddress: localhost:50247}, networkConnectionEnabled: false, pageLoadStrategy: normal, platformName: windows, proxy: Proxy(), se:cdp: ws://localhost:50247/devtoo..., se:cdpVersion: 130.0.6723.93, setWindowRect: true, strictFileInteractability: false, timeouts: {implicit: 0, pageLoad: 300000, script: 30000}, unhandledPromptBehavior: dismiss and notify, webauthn:extension:credBlob: true, webauthn:extension:largeBlob: true, webauthn:extension:minPinLength: true, webauthn:extension:prf: true, webauthn:virtualAuthenticators: true}
Element: [[ChromeDriver: chrome on windows (d7794a23dcbdf8ac00c7229f7cefb791)] -> xpath: (//p[@class='hidden text-base text-[#666666] mr-[5px] md:inline'])[1]]
Session ID: d7794a23dcbdf8ac00c7229f7cefb791
at org.openqa.selenium.remote.ErrorCodec.decode(ErrorCodec.java:167)
at org.openqa.selenium.remote.codec.w3c.W3CHttpResponseCodec.decode(W3CHttpResponseCodec.java:138)
at org.openqa.selenium.remote.codec.w3c.W3CHttpResponseCodec.decode(W3CHttpResponseCodec.java:50)
at org.openqa.selenium.remote.HttpCommandExecutor.execute(HttpCommandExecutor.java:190)
at org.openqa.selenium.remote.service.DriverCommandExecutor.invokeExecute(DriverCommandExecutor.java:216)
at org.openqa.selenium.remote.service.DriverCommandExecutor.execute(DriverCommandExecutor.java:174)
at org.openqa.selenium.remote.RemoteWebDriver.execute(RemoteWebDriver.java:545)
at org.openqa.selenium.remote.RemoteWebElement.execute(RemoteWebElement.java:223)
at org.openqa.selenium.remote.RemoteWebElement.click(RemoteWebElement.java:76)
at Utilities.AppUtils.lcoLogin(AppUtils.java:58)
at TestCases.TC027_LcoLogin.LcoLoginTest(TC027_LcoLogin.java:29)
at java.base/java.util.ArrayList.forEach(ArrayList.java:1596)
... Removed 28 stack frames]]>
    </failure>
  </testcase> <!-- LcoLoginTest -->
  <testcase classname="TestCases.TC028_LcoDashboard" name="lcoLoginDashboardTest" time="1.727">
    <failure type="org.openqa.selenium.ElementClickInterceptedException" message="element click intercepted: Element &amp;lt;p class=&amp;quot;hidden text-base text-[#666666] mr-[5px] md:inline&amp;quot;&amp;gt;...&amp;lt;/p&amp;gt; is not clickable at point (1413, 61). Other element would receive the click: &amp;lt;body class=&amp;quot;loading-indicator&amp;quot;&amp;gt;...&amp;lt;/body&amp;gt;
  (Session info: chrome=130.0.6723.93)
Build info: version: &amp;apos;4.24.0&amp;apos;, revision: &amp;apos;748ffc9bc3&amp;apos;
System info: os.name: &amp;apos;Windows 10&amp;apos;, os.arch: &amp;apos;amd64&amp;apos;, os.version: &amp;apos;10.0&amp;apos;, java.version: &amp;apos;21.0.4&amp;apos;
Driver info: org.openqa.selenium.chrome.ChromeDriver
Command: [a7f5111a4e4009e14572d5af994781e3, clickElement {id=f.A55081D75B76CFD5492585FF15674C7D.d.090BBB43CF5710949C33DB8A7C72A989.e.35}]
Capabilities {acceptInsecureCerts: false, browserName: chrome, browserVersion: 130.0.6723.93, chrome: {chromedriverVersion: 130.0.6723.69 (3ec172b971b9..., userDataDir: C:\Users\PRAYOG~1.MUD\AppDa...}, fedcm:accounts: true, goog:chromeOptions: {debuggerAddress: localhost:50276}, networkConnectionEnabled: false, pageLoadStrategy: normal, platformName: windows, proxy: Proxy(), se:cdp: ws://localhost:50276/devtoo..., se:cdpVersion: 130.0.6723.93, setWindowRect: true, strictFileInteractability: false, timeouts: {implicit: 0, pageLoad: 300000, script: 30000}, unhandledPromptBehavior: dismiss and notify, webauthn:extension:credBlob: true, webauthn:extension:largeBlob: true, webauthn:extension:minPinLength: true, webauthn:extension:prf: true, webauthn:virtualAuthenticators: true}
Element: [[ChromeDriver: chrome on windows (a7f5111a4e4009e14572d5af994781e3)] -&amp;gt; xpath: (//p[@class=&amp;apos;hidden text-base text-[#666666] mr-[5px] md:inline&amp;apos;])[1]]
Session ID: a7f5111a4e4009e14572d5af994781e3">
      <![CDATA[org.openqa.selenium.ElementClickInterceptedException: element click intercepted: Element <p class="hidden text-base text-[#666666] mr-[5px] md:inline">...</p> is not clickable at point (1413, 61). Other element would receive the click: <body class="loading-indicator">...</body>
  (Session info: chrome=130.0.6723.93)
Build info: version: '4.24.0', revision: '748ffc9bc3'
System info: os.name: 'Windows 10', os.arch: 'amd64', os.version: '10.0', java.version: '21.0.4'
Driver info: org.openqa.selenium.chrome.ChromeDriver
Command: [a7f5111a4e4009e14572d5af994781e3, clickElement {id=f.A55081D75B76CFD5492585FF15674C7D.d.090BBB43CF5710949C33DB8A7C72A989.e.35}]
Capabilities {acceptInsecureCerts: false, browserName: chrome, browserVersion: 130.0.6723.93, chrome: {chromedriverVersion: 130.0.6723.69 (3ec172b971b9..., userDataDir: C:\Users\PRAYOG~1.MUD\AppDa...}, fedcm:accounts: true, goog:chromeOptions: {debuggerAddress: localhost:50276}, networkConnectionEnabled: false, pageLoadStrategy: normal, platformName: windows, proxy: Proxy(), se:cdp: ws://localhost:50276/devtoo..., se:cdpVersion: 130.0.6723.93, setWindowRect: true, strictFileInteractability: false, timeouts: {implicit: 0, pageLoad: 300000, script: 30000}, unhandledPromptBehavior: dismiss and notify, webauthn:extension:credBlob: true, webauthn:extension:largeBlob: true, webauthn:extension:minPinLength: true, webauthn:extension:prf: true, webauthn:virtualAuthenticators: true}
Element: [[ChromeDriver: chrome on windows (a7f5111a4e4009e14572d5af994781e3)] -> xpath: (//p[@class='hidden text-base text-[#666666] mr-[5px] md:inline'])[1]]
Session ID: a7f5111a4e4009e14572d5af994781e3
at org.openqa.selenium.remote.ErrorCodec.decode(ErrorCodec.java:167)
at org.openqa.selenium.remote.codec.w3c.W3CHttpResponseCodec.decode(W3CHttpResponseCodec.java:138)
at org.openqa.selenium.remote.codec.w3c.W3CHttpResponseCodec.decode(W3CHttpResponseCodec.java:50)
at org.openqa.selenium.remote.HttpCommandExecutor.execute(HttpCommandExecutor.java:190)
at org.openqa.selenium.remote.service.DriverCommandExecutor.invokeExecute(DriverCommandExecutor.java:216)
at org.openqa.selenium.remote.service.DriverCommandExecutor.execute(DriverCommandExecutor.java:174)
at org.openqa.selenium.remote.RemoteWebDriver.execute(RemoteWebDriver.java:545)
at org.openqa.selenium.remote.RemoteWebElement.execute(RemoteWebElement.java:223)
at org.openqa.selenium.remote.RemoteWebElement.click(RemoteWebElement.java:76)
at Utilities.AppUtils.lcoLogin(AppUtils.java:58)
at TestCases.TC028_LcoDashboard.lcoLoginDashboardTest(TC028_LcoDashboard.java:29)
at java.base/java.util.ArrayList.forEach(ArrayList.java:1596)
... Removed 28 stack frames]]>
    </failure>
  </testcase> <!-- lcoLoginDashboardTest -->
  <testcase classname="TestCases.TC029_LcoInstallationPage" name="LcoInstallationTest" time="1.891">
    <failure type="org.openqa.selenium.ElementClickInterceptedException" message="element click intercepted: Element &amp;lt;p class=&amp;quot;hidden text-base text-[#666666] mr-[5px] md:inline&amp;quot;&amp;gt;...&amp;lt;/p&amp;gt; is not clickable at point (1412, 59). Other element would receive the click: &amp;lt;body class=&amp;quot;loading-indicator&amp;quot;&amp;gt;...&amp;lt;/body&amp;gt;
  (Session info: chrome=130.0.6723.93)
Build info: version: &amp;apos;4.24.0&amp;apos;, revision: &amp;apos;748ffc9bc3&amp;apos;
System info: os.name: &amp;apos;Windows 10&amp;apos;, os.arch: &amp;apos;amd64&amp;apos;, os.version: &amp;apos;10.0&amp;apos;, java.version: &amp;apos;21.0.4&amp;apos;
Driver info: org.openqa.selenium.chrome.ChromeDriver
Command: [ed72a076bf66dbc6df51523a28268110, clickElement {id=f.1794DD1CD097C9E345D4CDBC3102EB80.d.3FCC3565456373257247DC53232D1E48.e.28}]
Capabilities {acceptInsecureCerts: false, browserName: chrome, browserVersion: 130.0.6723.93, chrome: {chromedriverVersion: 130.0.6723.69 (3ec172b971b9..., userDataDir: C:\Users\PRAYOG~1.MUD\AppDa...}, fedcm:accounts: true, goog:chromeOptions: {debuggerAddress: localhost:50305}, networkConnectionEnabled: false, pageLoadStrategy: normal, platformName: windows, proxy: Proxy(), se:cdp: ws://localhost:50305/devtoo..., se:cdpVersion: 130.0.6723.93, setWindowRect: true, strictFileInteractability: false, timeouts: {implicit: 0, pageLoad: 300000, script: 30000}, unhandledPromptBehavior: dismiss and notify, webauthn:extension:credBlob: true, webauthn:extension:largeBlob: true, webauthn:extension:minPinLength: true, webauthn:extension:prf: true, webauthn:virtualAuthenticators: true}
Element: [[ChromeDriver: chrome on windows (ed72a076bf66dbc6df51523a28268110)] -&amp;gt; xpath: (//p[@class=&amp;apos;hidden text-base text-[#666666] mr-[5px] md:inline&amp;apos;])[1]]
Session ID: ed72a076bf66dbc6df51523a28268110">
      <![CDATA[org.openqa.selenium.ElementClickInterceptedException: element click intercepted: Element <p class="hidden text-base text-[#666666] mr-[5px] md:inline">...</p> is not clickable at point (1412, 59). Other element would receive the click: <body class="loading-indicator">...</body>
[...]
at org.openqa.selenium.remote.HttpCommandExecutor.execute(HttpCommandExecutor.java:190)
at org.openqa.selenium.remote.service.DriverCommandExecutor.invokeExecute(DriverCommandExecutor.java:216)
at org.openqa.selenium.remote.service.DriverCommandExecutor.execute(DriverCommandExecutor.java:174)
at org.openqa.selenium.remote.RemoteWebDriver.execute(RemoteWebDriver.java:545)
at org.openqa.selenium.remote.RemoteWebElement.execute(RemoteWebElement.java:223)
at org.openqa.selenium.remote.RemoteWebElement.click(RemoteWebElement.java:76)
at Utilities.AppUtils.customerLogin(AppUtils.java:73)
at TestCases.TC043_CustomerDashboard.CustomerDashboardIDTest(TC043_CustomerDashboard.java:30)
at java.base/java.util.ArrayList.forEach(ArrayList.java:1596)
... Removed 28 stack frames]]>
    </failure>
  </testcase> <!-- CustomerDashboardIDTest -->
  <testcase classname="TestCases.TC044_CustomerBills" name="CustomerBillsPageTest" time="1.84">
    <failure type="org.openqa.selenium.ElementClickInterceptedException" message="element click intercepted: Element &amp;lt;p class=&amp;quot;hidden text-base text-[#666666] mr-[5px] md:inline&amp;quot;&amp;gt;...&amp;lt;/p&amp;gt; is not clickable at point (1413, 61). Other element would receive the click: &amp;lt;body class=&amp;quot;loading-indicator&amp;quot;&amp;gt;...&amp;lt;/body&amp;gt;
  (Session info: chrome=130.0.6723.93)
Build info: version: &amp;apos;4.24.0&amp;apos;, revision: &amp;apos;748ffc9bc3&amp;apos;
System info: os.name: &amp;apos;Windows 10&amp;apos;, os.arch: &amp;apos;amd64&amp;apos;, os.version: &amp;apos;10.0&amp;apos;, java.version: &amp;apos;21.0.4&amp;apos;
Driver info: org.openqa.selenium.chrome.ChromeDriver
Command: [02f2c65f33e97759458657f7b2945f99, clickElement {id=f.8798E9C9328BAAB259AA5FD1586D0717.d.011A6557F739157FDA4C2A1BBE40F921.e.25}]
Capabilities {acceptInsecureCerts: false, browserName: chrome, browserVersion: 130.0.6723.93, chrome: {chromedriverVersion: 130.0.6723.69 (3ec172b971b9..., userDataDir: C:\Users\PRAYOG~1.MUD\AppDa...}, fedcm:accounts: true, goog:chromeOptions: {debuggerAddress: localhost:50754}, networkConnectionEnabled: false, pageLoadStrategy: normal, platformName: windows, proxy: Proxy(), se:cdp: ws://localhost:50754/devtoo..., se:cdpVersion: 130.0.6723.93, setWindowRect: true, strictFileInteractability: false, timeouts: {implicit: 0, pageLoad: 300000, script: 30000}, unhandledPromptBehavior: dismiss and notify, webauthn:extension:credBlob: true, webauthn:extension:largeBlob: true, webauthn:extension:minPinLength: true, webauthn:extension:prf: true, webauthn:virtualAuthenticators: true}
Element: [[ChromeDriver: chrome on windows (02f2c65f33e97759458657f7b2945f99)] -&amp;gt; xpath: (//p[@class=&amp;apos;hidden text-base text-[#666666] mr-[5px] md:inline&amp;apos;])[1]]
Session ID: 02f2c65f33e97759458657f7b2945f99">
      <![CDATA[org.openqa.selenium.ElementClickInterceptedException: element click intercepted: Element <p class="hidden text-base text-[#666666] mr-[5px] md:inline">...</p> is not clickable at point (1413, 61). Other element would receive the click: <body class="loading-indicator">...</body>
  (Session info: chrome=130.0.6723.93)
Build info: version: '4.24.0', revision: '748ffc9bc3'
System info: os.name: 'Windows 10', os.arch: 'amd64', os.version: '10.0', java.version: '21.0.4'
Driver info: org.openqa.selenium.chrome.ChromeDriver
Command: [02f2c65f33e97759458657f7b2945f99, clickElement {id=f.8798E9C9328BAAB259AA5FD1586D0717.d.011A6557F739157FDA4C2A1BBE40F921.e.25}]
Capabilities {acceptInsecureCerts: false, browserName: chrome, browserVersion: 130.0.6723.93, chrome: {chromedriverVersion: 130.0.6723.69 (3ec172b971b9..., userDataDir: C:\Users\PRAYOG~1.MUD\AppDa...}, fedcm:accounts: true, goog:chromeOptions: {debuggerAddress: localhost:50754}, networkConnectionEnabled: false, pageLoadStrategy: normal, platformName: windows, proxy: Proxy(), se:cdp: ws://localhost:50754/devtoo..., se:cdpVersion: 130.0.6723.93, setWindowRect: true, strictFileInteractability: false, timeouts: {implicit: 0, pageLoad: 300000, script: 30000}, unhandledPromptBehavior: dismiss and notify, webauthn:extension:credBlob: true, webauthn:extension:largeBlob: true, webauthn:extension:minPinLength: true, webauthn:extension:prf: true, webauthn:virtualAuthenticators: true}
Element: [[ChromeDriver: chrome on windows (02f2c65f33e97759458657f7b2945f99)] -> xpath: (//p[@class='hidden text-base text-[#666666] mr-[5px] md:inline'])[1]]
Session ID: 02f2c65f33e97759458657f7b2945f99
at org.openqa.selenium.remote.ErrorCodec.decode(ErrorCodec.java:167)
at org.openqa.selenium.remote.codec.w3c.W3CHttpResponseCodec.decode(W3CHttpResponseCodec.java:138)
at org.openqa.selenium.remote.codec.w3c.W3CHttpResponseCodec.decode(W3CHttpResponseCodec.java:50)
at org.openqa.selenium.remote.HttpCommandExecutor.execute(HttpCommandExecutor.java:190)
at org.openqa.selenium.remote.service.DriverCommandExecutor.invokeExecute(DriverCommandExecutor.java:216)
at org.openqa.selenium.remote.service.DriverCommandExecutor.execute(DriverCommandExecutor.java:174)
at org.openqa.selenium.remote.RemoteWebDriver.execute(RemoteWebDriver.java:545)
at org.openqa.selenium.remote.RemoteWebElement.execute(RemoteWebElement.java:223)
at org.openqa.selenium.remote.RemoteWebElement.click(RemoteWebElement.java:76)
at Utilities.AppUtils.customerLogin(AppUtils.java:73)
at TestCases.TC044_CustomerBills.CustomerBillsPageTest(TC044_CustomerBills.java:30)
at java.base/java.util.ArrayList.forEach(ArrayList.java:1596)
... Removed 28 stack frames]]>
    </failure>
  </testcase> <!-- CustomerBillsPageTest -->
  <testcase classname="TestCases.TC045_CustomerChangePlan" name="CustomerChangePlanTest" time="1.635">
    <failure type="org.openqa.selenium.ElementClickInterceptedException" message="element click intercepted: Element &amp;lt;p class=&amp;quot;hidden text-base text-[#666666] mr-[5px] md:inline&amp;quot;&amp;gt;...&amp;lt;/p&amp;gt; is not clickable at point (1413, 61). Other element would receive the click: &amp;lt;body class=&amp;quot;loading-indicator&amp;quot;&amp;gt;...&amp;lt;/body&amp;gt;
  (Session info: chrome=130.0.6723.93)
Build info: version: &amp;apos;4.24.0&amp;apos;, revision: &amp;apos;748ffc9bc3&amp;apos;
System info: os.name: &amp;apos;Windows 10&amp;apos;, os.arch: &amp;apos;amd64&amp;apos;, os.version: &amp;apos;10.0&amp;apos;, java.version: &amp;apos;21.0.4&amp;apos;
Driver info: org.openqa.selenium.chrome.ChromeDriver
Command: [e26dc95fc6ae46e13dd3a2358acdeda2, clickElement {id=f.B7C897B4B76528968E3FF234E4230972.d.2820894CA50A15BE3172DF9270EFFDA5.e.26}]
Capabilities {acceptInsecureCerts: false, browserName: chrome, browserVersion: 130.0.6723.93, chrome: {chromedriverVersion: 130.0.6723.69 (3ec172b971b9..., userDataDir: C:\Users\PRAYOG~1.MUD\AppDa...}, fedcm:accounts: true, goog:chromeOptions: {debuggerAddress: localhost:50782}, networkConnectionEnabled: false, pageLoadStrategy: normal, platformName: windows, proxy: Proxy(), se:cdp: ws://localhost:50782/devtoo..., se:cdpVersion: 130.0.6723.93, setWindowRect: true, strictFileInteractability: false, timeouts: {implicit: 0, pageLoad: 300000, script: 30000}, unhandledPromptBehavior: dismiss and notify, webauthn:extension:credBlob: true, webauthn:extension:largeBlob: true, webauthn:extension:minPinLength: true, webauthn:extension:prf: true, webauthn:virtualAuthenticators: true}
Element: [[ChromeDriver: chrome on windows (e26dc95fc6ae46e13dd3a2358acdeda2)] -&amp;gt; xpath: (//p[@class=&amp;apos;hidden text-base text-[#666666] mr-[5px] md:inline&amp;apos;])[1]]
Session ID: e26dc95fc6ae46e13dd3a2358acdeda2">
      <![CDATA[org.openqa.selenium.ElementClickInterceptedException: element click intercepted: Element <p class="hidden text-base text-[#666666] mr-[5px] md:inline">...</p> is not clickable at point (1413, 61). Other element would receive the click: <body class="loading-indicator">...</body>
  (Session info: chrome=130.0.6723.93)
Build info: version: '4.24.0', revision: '748ffc9bc3'
System info: os.name: 'Windows 10', os.arch: 'amd64', os.version: '10.0', java.version: '21.0.4'
Driver info: org.openqa.selenium.chrome.ChromeDriver
Command: [e26dc95fc6ae46e13dd3a2358acdeda2, clickElement {id=f.B7C897B4B76528968E3FF234E4230972.d.2820894CA50A15BE3172DF9270EFFDA5.e.26}]
Capabilities {acceptInsecureCerts: false, browserName: chrome, browserVersion: 130.0.6723.93, chrome: {chromedriverVersion: 130.0.6723.69 (3ec172b971b9..., userDataDir: C:\Users\PRAYOG~1.MUD\AppDa...}, fedcm:accounts: true, goog:chromeOptions: {debuggerAddress: localhost:50782}, networkConnectionEnabled: false, pageLoadStrategy: normal, platformName: windows, proxy: Proxy(), se:cdp: ws://localhost:50782/devtoo..., se:cdpVersion: 130.0.6723.93, setWindowRect: true, strictFileInteractability: false, timeouts: {implicit: 0, pageLoad: 300000, script: 30000}, unhandledPromptBehavior: dismiss and notify, webauthn:extension:credBlob: true, webauthn:extension:largeBlob: true, webauthn:extension:minPinLength: true, webauthn:extension:prf: true, webauthn:virtualAuthenticators: true}
Element: [[ChromeDriver: chrome on windows (e26dc95fc6ae46e13dd3a2358acdeda2)] -> xpath: (//p[@class='hidden text-base text-[#666666] mr-[5px] md:inline'])[1]]
Session ID: e26dc95fc6ae46e13dd3a2358acdeda2
at org.openqa.selenium.remote.ErrorCodec.decode(ErrorCodec.java:167)
at org.openqa.selenium.remote.codec.w3c.W3CHttpResponseCodec.decode(W3CHttpResponseCodec.java:138)
at org.openqa.selenium.remote.codec.w3c.W3CHttpResponseCodec.decode(W3CHttpResponseCodec.java:50)
at org.openqa.selenium.remote.HttpCommandExecutor.execute(HttpCommandExecutor.java:190)
at org.openqa.selenium.remote.service.DriverCommandExecutor.invokeExecute(DriverCommandExecutor.java:216)
at org.openqa.selenium.remote.service.DriverCommandExecutor.execute(DriverCommandExecutor.java:174)
at org.openqa.selenium.remote.RemoteWebDriver.execute(RemoteWebDriver.java:545)
at org.openqa.selenium.remote.RemoteWebElement.execute(RemoteWebElement.java:223)
at org.openqa.selenium.remote.RemoteWebElement.click(RemoteWebElement.java:76)
at Utilities.AppUtils.customerLogin(AppUtils.java:73)
at TestCases.TC045_CustomerChangePlan.CustomerChangePlanTest(TC045_CustomerChangePlan.java:30)
at java.base/java.util.ArrayList.forEach(ArrayList.java:1596)
... Removed 28 stack frames]]>
    </failure>
  </testcase> <!-- CustomerChangePlanTest -->
  <testcase classname="TestCases.TC046_CustomerSupport" name="CustomerSupportTest" time="1.87">
    <failure type="org.openqa.selenium.ElementClickInterceptedException" message="element click intercepted: Element &amp;lt;p class=&amp;quot;hidden text-base text-[#666666] mr-[5px] md:inline&amp;quot;&amp;gt;...&amp;lt;/p&amp;gt; is not clickable at point (1413, 61). Other element would receive the click: &amp;lt;body class=&amp;quot;loading-indicator&amp;quot;&amp;gt;...&amp;lt;/body&amp;gt;
  (Session info: chrome=130.0.6723.93)
Build info: version: &amp;apos;4.24.0&amp;apos;, revision: &amp;apos;748ffc9bc3&amp;apos;
System info: os.name: &amp;apos;Windows 10&amp;apos;, os.arch: &amp;apos;amd64&amp;apos;, os.version: &amp;apos;10.0&amp;apos;, java.version: &amp;apos;21.0.4&amp;apos;
Driver info: org.openqa.selenium.chrome.ChromeDriver
Command: [accdbf74e4fc6b984685db3ccef2c088, clickElement {id=f.88D4EBC100B374109D2E2C574B771A79.d.CB5EDDEE8DEBD6F10110339A5920D268.e.37}]
Capabilities {acceptInsecureCerts: false, browserName: chrome, browserVersion: 130.0.6723.93, chrome: {chromedriverVersion: 130.0.6723.69 (3ec172b971b9..., userDataDir: C:\Users\PRAYOG~1.MUD\AppDa...}, fedcm:accounts: true, goog:chromeOptions: {debuggerAddress: localhost:50811}, networkConnectionEnabled: false, pageLoadStrategy: normal, platformName: windows, proxy: Proxy(), se:cdp: ws://localhost:50811/devtoo..., se:cdpVersion: 130.0.6723.93, setWindowRect: true, strictFileInteractability: false, timeouts: {implicit: 0, pageLoad: 300000, script: 30000}, unhandledPromptBehavior: dismiss and notify, webauthn:extension:credBlob: true, webauthn:extension:largeBlob: true, webauthn:extension:minPinLength: true, webauthn:extension:prf: true, webauthn:virtualAuthenticators: true}
Element: [[ChromeDriver: chrome on windows (accdbf74e4fc6b984685db3ccef2c088)] -&amp;gt; xpath: (//p[@class=&amp;apos;hidden text-base text-[#666666] mr-[5px] md:inline&amp;apos;])[1]]
Session ID: accdbf74e4fc6b984685db3ccef2c088">
      <![CDATA[org.openqa.selenium.ElementClickInterceptedException: element click intercepted: Element <p class="hidden text-base text-[#666666] mr-[5px] md:inline">...</p> is not clickable at point (1413, 61). Other element would receive the click: <body class="loading-indicator">...</body>
  (Session info: chrome=130.0.6723.93)
Build info: version: '4.24.0', revision: '748ffc9bc3'
System info: os.name: 'Windows 10', os.arch: 'amd64', os.version: '10.0', java.version: '21.0.4'
Driver info: org.openqa.selenium.chrome.ChromeDriver
Command: [accdbf74e4fc6b984685db3ccef2c088, clickElement {id=f.88D4EBC100B374109D2E2C574B771A79.d.CB5EDDEE8DEBD6F10110339A5920D268.e.37}]
Capabilities {acceptInsecureCerts: false, browserName: chrome, browserVersion: 130.0.6723.93, chrome: {chromedriverVersion: 130.0.6723.69 (3ec172b971b9..., userDataDir: C:\Users\PRAYOG~1.MUD\AppDa...}, fedcm:accounts: true, goog:chromeOptions: {debuggerAddress: localhost:50811}, networkConnectionEnabled: false, pageLoadStrategy: normal, platformName: windows, proxy: Proxy(), se:cdp: ws://localhost:50811/devtoo..., se:cdpVersion: 130.0.6723.93, setWindowRect: true, strictFileInteractability: false, timeouts: {implicit: 0, pageLoad: 300000, script: 30000}, unhandledPromptBehavior: dismiss and notify, webauthn:extension:credBlob: true, webauthn:extension:largeBlob: true, webauthn:extension:minPinLength: true, webauthn:extension:prf: true, webauthn:virtualAuthenticators: true}
Element: [[ChromeDriver: chrome on windows (accdbf74e4fc6b984685db3ccef2c088)] -> xpath: (//p[@class='hidden text-base text-[#666666] mr-[5px] md:inline'])[1]]
Session ID: accdbf74e4fc6b984685db3ccef2c088
at org.openqa.selenium.remote.ErrorCodec.decode(ErrorCodec.java:167)
at org.openqa.selenium.remote.codec.w3c.W3CHttpResponseCodec.decode(W3CHttpResponseCodec.java:138)
at org.openqa.selenium.remote.codec.w3c.W3CHttpResponseCodec.decode(W3CHttpResponseCodec.java:50)
at org.openqa.selenium.remote.HttpCommandExecutor.execute(HttpCommandExecutor.java:190)
at org.openqa.selenium.remote.service.DriverCommandExecutor.invokeExecute(DriverCommandExecutor.java:216)
at org.openqa.selenium.remote.service.DriverCommandExecutor.execute(DriverCommandExecutor.java:174)
at org.openqa.selenium.remote.RemoteWebDriver.execute(RemoteWebDriver.java:545)
at org.openqa.selenium.remote.RemoteWebElement.execute(RemoteWebElement.java:223)
at org.openqa.selenium.remote.RemoteWebElement.click(RemoteWebElement.java:76)
at Utilities.AppUtils.customerLogin(AppUtils.java:73)
at TestCases.TC046_CustomerSupport.CustomerSupportTest(TC046_CustomerSupport.java:30)
at java.base/java.util.ArrayList.forEach(ArrayList.java:1596)
... Removed 28 stack frames]]>
    </failure>
  </testcase> <!-- CustomerSupportTest -->
  <testcase classname="TestCases.TC047_CustomerLogout" name="customerLogoutTest" time="1.587">
    <failure type="org.openqa.selenium.ElementClickInterceptedException" message="element click intercepted: Element &amp;lt;p class=&amp;quot;hidden text-base text-[#666666] mr-[5px] md:inline&amp;quot;&amp;gt;...&amp;lt;/p&amp;gt; is not clickable at point (1413, 61). Other element would receive the click: &amp;lt;body class=&amp;quot;loading-indicator&amp;quot;&amp;gt;...&amp;lt;/body&amp;gt;
  (Session info: chrome=130.0.6723.93)
Build info: version: &amp;apos;4.24.0&amp;apos;, revision: &amp;apos;748ffc9bc3&amp;apos;
System info: os.name: &amp;apos;Windows 10&amp;apos;, os.arch: &amp;apos;amd64&amp;apos;, os.version: &amp;apos;10.0&amp;apos;, java.version: &amp;apos;21.0.4&amp;apos;
Driver info: org.openqa.selenium.chrome.ChromeDriver
Command: [d2d45aa3f69fb678b2c292ea1fce11c6, clickElement {id=f.F69C05D2FB79BD1DC758FCF26D19FAFE.d.72463ED7798E471CF75DC691A1BD6A10.e.35}]
Capabilities {acceptInsecureCerts: false, browserName: chrome, browserVersion: 130.0.6723.93, chrome: {chromedriverVersion: 130.0.6723.69 (3ec172b971b9..., userDataDir: C:\Users\PRAYOG~1.MUD\AppDa...}, fedcm:accounts: true, goog:chromeOptions: {debuggerAddress: localhost:50842}, networkConnectionEnabled: false, pageLoadStrategy: normal, platformName: windows, proxy: Proxy(), se:cdp: ws://localhost:50842/devtoo..., se:cdpVersion: 130.0.6723.93, setWindowRect: true, strictFileInteractability: false, timeouts: {implicit: 0, pageLoad: 300000, script: 30000}, unhandledPromptBehavior: dismiss and notify, webauthn:extension:credBlob: true, webauthn:extension:largeBlob: true, webauthn:extension:minPinLength: true, webauthn:extension:prf: true, webauthn:virtualAuthenticators: true}
Element: [[ChromeDriver: chrome on windows (d2d45aa3f69fb678b2c292ea1fce11c6)] -&amp;gt; xpath: (//p[@class=&amp;apos;hidden text-base text-[#666666] mr-[5px] md:inline&amp;apos;])[1]]
Session ID: d2d45aa3f69fb678b2c292ea1fce11c6">
      <![CDATA[org.openqa.selenium.ElementClickInterceptedException: element click intercepted: Element <p class="hidden text-base text-[#666666] mr-[5px] md:inline">...</p> is not clickable at point (1413, 61). Other element would receive the click: <body class="loading-indicator">...</body>
  (Session info: chrome=130.0.6723.93)
Build info: version: '4.24.0', revision: '748ffc9bc3'
System info: os.name: 'Windows 10', os.arch: 'amd64', os.version: '10.0', java.version: '21.0.4'
Driver info: org.openqa.selenium.chrome.ChromeDriver
Command: [d2d45aa3f69fb678b2c292ea1fce11c6, clickElement {id=f.F69C05D2FB79BD1DC758FCF26D19FAFE.d.72463ED7798E471CF75DC691A1BD6A10.e.35}]
Capabilities {acceptInsecureCerts: false, browserName: chrome, browserVersion: 130.0.6723.93, chrome: {chromedriverVersion: 130.0.6723.69 (3ec172b971b9..., userDataDir: C:\Users\PRAYOG~1.MUD\AppDa...}, fedcm:accounts: true, goog:chromeOptions: {debuggerAddress: localhost:50842}, networkConnectionEnabled: false, pageLoadStrategy: normal, platformName: windows, proxy: Proxy(), se:cdp: ws://localhost:50842/devtoo..., se:cdpVersion: 130.0.6723.93, setWindowRect: true, strictFileInteractability: false, timeouts: {implicit: 0, pageLoad: 300000, script: 30000}, unhandledPromptBehavior: dismiss and notify, webauthn:extension:credBlob: true, webauthn:extension:largeBlob: true, webauthn:extension:minPinLength: true, webauthn:extension:prf: true, webauthn:virtualAuthenticators: true}
Element: [[ChromeDriver: chrome on windows (d2d45aa3f69fb678b2c292ea1fce11c6)] -> xpath: (//p[@class='hidden text-base text-[#666666] mr-[5px] md:inline'])[1]]
Session ID: d2d45aa3f69fb678b2c292ea1fce11c6
at org.openqa.selenium.remote.ErrorCodec.decode(ErrorCodec.java:167)
at org.openqa.selenium.remote.codec.w3c.W3CHttpResponseCodec.decode(W3CHttpResponseCodec.java:138)
at org.openqa.selenium.remote.codec.w3c.W3CHttpResponseCodec.decode(W3CHttpResponseCodec.java:50)
at org.openqa.selenium.remote.HttpCommandExecutor.execute(HttpCommandExecutor.java:190)
at org.openqa.selenium.remote.service.DriverCommandExecutor.invokeExecute(DriverCommandExecutor.java:216)
at org.openqa.selenium.remote.service.DriverCommandExecutor.execute(DriverCommandExecutor.java:174)
at org.openqa.selenium.remote.RemoteWebDriver.execute(RemoteWebDriver.java:545)
at org.openqa.selenium.remote.RemoteWebElement.execute(RemoteWebElement.java:223)
at org.openqa.selenium.remote.RemoteWebElement.click(RemoteWebElement.java:76)
at Utilities.AppUtils.customerLogin(AppUtils.java:73)
at TestCases.TC047_CustomerLogout.customerLogoutTest(TC047_CustomerLogout.java:30)
at java.base/java.util.ArrayList.forEach(ArrayList.java:1596)
... Removed 28 stack frames]]>
    </failure>
  </testcase> <!-- customerLogoutTest -->
</testsuite> <!-- FibreZ Smoke Testing -->
