<?xml version="1.0" encoding="UTF-8"?>
<testng-results ignored="0" total="1" passed="1" failed="0" skipped="0">
  <reporter-output>
  </reporter-output>
  <suite started-at="2024-11-07T12:32:03 IST" name="Default suite" finished-at="2024-11-07T12:32:20 IST" duration-ms="16420">
    <groups>
    </groups>
    <test started-at="2024-11-07T12:32:03 IST" name="Default test" finished-at="2024-11-07T12:32:20 IST" duration-ms="16420">
      <class name="TestCases.TC019_MsoStandardPlans">
        <test-method is-config="true" signature="startApp()[pri:0, instance:TestCases.TC019_MsoStandardPlans@74235045]" started-at="2024-11-07T12:32:04 IST" name="startApp" finished-at="2024-11-07T12:32:08 IST" duration-ms="4348" status="PASS">
          <reporter-output>
          </reporter-output>
        </test-method> <!-- startApp -->
        <test-method signature="msoStandardPlansPageTest()[pri:0, instance:TestCases.TC019_MsoStandardPlans@74235045]" started-at="2024-11-07T12:32:08 IST" name="msoStandardPlansPageTest" finished-at="2024-11-07T12:32:19 IST" duration-ms="11243" status="PASS">
          <reporter-output>
          </reporter-output>
        </test-method> <!-- msoStandardPlansPageTest -->
        <test-method is-config="true" signature="closeApp()[pri:0, instance:TestCases.TC019_MsoStandardPlans@74235045]" started-at="2024-11-07T12:32:19 IST" name="closeApp" finished-at="2024-11-07T12:32:20 IST" duration-ms="503" status="PASS">
          <reporter-output>
          </reporter-output>
        </test-method> <!-- closeApp -->
      </class> <!-- TestCases.TC019_MsoStandardPlans -->
    </test> <!-- Default test -->
  </suite> <!-- Default suite -->
</testng-results>
